20:38:41 **** Incremental Build of configuration Debug for project FreeRTOS_LC5110_Joystick ****
make all 
arm-none-eabi-g++ "../Src/game.cpp" -mcpu=cortex-m3 -std=gnu++14 -g3 '-D__weak=__attribute__((weak))' '-D__packed=__attribute__((__packed__))' -DUSE_HAL_DRIVER -DSTM32F103xB -c -I../Inc -I../Drivers/STM32F1xx_HAL_Driver/Inc -I../Drivers/STM32F1xx_HAL_Driver/Inc/Legacy -I../Middlewares/Third_Party/FreeRTOS/Source/portable/GCC/ARM_CM3 -I../Drivers/CMSIS/Device/ST/STM32F1xx/Include -I../Middlewares/Third_Party/FreeRTOS/Source/include -I../Middlewares/Third_Party/FreeRTOS/Source/CMSIS_RTOS -I../Drivers/CMSIS/Include -Os -ffunction-sections -fdata-sections -fno-exceptions -fno-rtti -fno-threadsafe-statics -fno-use-cxa-atexit -Wall -fstack-usage -MMD -MP -MF"Src/game.d" -MT"Src/game.o" --specs=nano.specs -mfloat-abi=soft -mthumb -o "Src/game.o"
../Src/game.cpp: In member function 'int IntelligentAgent::action(EnvBlobObs*)':
../Src/game.cpp:307:33: warning: comparison between signed and unsigned integer expressions [-Wsign-compare]
             if (prng_LFSR()%100 > _epsilon)
                 ~~~~~~~~~~~~~~~~^~~~~~~~~~
../Src/game.cpp: In function 'int app()':
../Src/game.cpp:369:1: warning: no return statement in function returning non-void [-Wreturn-type]
 }
 ^
../Src/game.cpp: In function 'void vTask_Nr_Print(void*)':
../Src/game.cpp:413:7: warning: statement has no effect [-Wunused-value]
    (0);
       ^
../Src/game.cpp: In function 'int main()':
../Src/game.cpp:486:28: warning: ISO C++ forbids converting a string constant to 'char*' [-Wwrite-strings]
  string_LCD("Press.  Botao");
                            ^
../Src/game.cpp: In function 'void SystemClock_Config()':
../Src/game.cpp:577:38: warning: ISO C++ forbids converting a string constant to 'char*' [-Wwrite-strings]
     _Error_Handler(__FILE__, __LINE__);
                                      ^
../Src/game.cpp:591:38: warning: ISO C++ forbids converting a string constant to 'char*' [-Wwrite-strings]
     _Error_Handler(__FILE__, __LINE__);
                                      ^
../Src/game.cpp:598:38: warning: ISO C++ forbids converting a string constant to 'char*' [-Wwrite-strings]
     _Error_Handler(__FILE__, __LINE__);
                                      ^
../Src/game.cpp: In function 'void MX_ADC1_Init()':
../Src/game.cpp:630:38: warning: ISO C++ forbids converting a string constant to 'char*' [-Wwrite-strings]
     _Error_Handler(__FILE__, __LINE__);
                                      ^
../Src/game.cpp:640:38: warning: ISO C++ forbids converting a string constant to 'char*' [-Wwrite-strings]
     _Error_Handler(__FILE__, __LINE__);
                                      ^
../Src/game.cpp:649:38: warning: ISO C++ forbids converting a string constant to 'char*' [-Wwrite-strings]
     _Error_Handler(__FILE__, __LINE__);
                                      ^
arm-none-eabi-g++ -o "FreeRTOS_LC5110_Joystick.elf" @"objects.list"   -mcpu=cortex-m3 -T"../STM32F103C8_FLASH.ld" --specs=nosys.specs -Wl,-Map="FreeRTOS_LC5110_Joystick.map" -Wl,--gc-sections -static --specs=nano.specs -mfloat-abi=soft -mthumb -Wl,--start-group -lc -lm -lstdc++ -lsupc++ -Wl,--end-group
Finished building target: FreeRTOS_LC5110_Joystick.elf
 
arm-none-eabi-objdump -h -S  FreeRTOS_LC5110_Joystick.elf  > "FreeRTOS_LC5110_Joystick.list"
Finished building: FreeRTOS_LC5110_Joystick.list
 
arm-none-eabi-objcopy  -O binary  FreeRTOS_LC5110_Joystick.elf  "FreeRTOS_LC5110_Joystick.bin"
Finished building: FreeRTOS_LC5110_Joystick.bin
 
arm-none-eabi-size   FreeRTOS_LC5110_Joystick.elf 
   text	   data	    bss	    dec	    hex	filename
  19752	    124	  15736	  35612	   8b1c	FreeRTOS_LC5110_Joystick.elf
Finished building: default.size.stdout
 
20:38:48 **** Incremental Build of configuration Debug for project FreeRTOS_LC5110_Joystick ****
make all 
arm-none-eabi-size   FreeRTOS_LC5110_Joystick.elf 
   text	   data	    bss	    dec	    hex	filename
  19752	    124	  15736	  35612	   8b1c	FreeRTOS_LC5110_Joystick.elf
Finished building: default.size.stdout
 
20:40:40 **** Incremental Build of configuration Debug for project FreeRTOS_LC5110_Joystick ****
make all 
arm-none-eabi-g++ "../Src/game.cpp" -mcpu=cortex-m3 -std=gnu++14 -g3 '-D__weak=__attribute__((weak))' '-D__packed=__attribute__((__packed__))' -DUSE_HAL_DRIVER -DSTM32F103xB -c -I../Inc -I../Drivers/STM32F1xx_HAL_Driver/Inc -I../Drivers/STM32F1xx_HAL_Driver/Inc/Legacy -I../Middlewares/Third_Party/FreeRTOS/Source/portable/GCC/ARM_CM3 -I../Drivers/CMSIS/Device/ST/STM32F1xx/Include -I../Middlewares/Third_Party/FreeRTOS/Source/include -I../Middlewares/Third_Party/FreeRTOS/Source/CMSIS_RTOS -I../Drivers/CMSIS/Include -Os -ffunction-sections -fdata-sections -fno-exceptions -fno-rtti -fno-threadsafe-statics -fno-use-cxa-atexit -Wall -fstack-usage -MMD -MP -MF"Src/game.d" -MT"Src/game.o" --specs=nano.specs -mfloat-abi=soft -mthumb -o "Src/game.o"
../Src/game.cpp: In member function 'int IntelligentAgent::action(EnvBlobObs*)':
../Src/game.cpp:307:33: warning: comparison between signed and unsigned integer expressions [-Wsign-compare]
             if (prng_LFSR()%100 > _epsilon)
                 ~~~~~~~~~~~~~~~~^~~~~~~~~~
../Src/game.cpp: In function 'int app()':
../Src/game.cpp:369:1: warning: no return statement in function returning non-void [-Wreturn-type]
 }
 ^
../Src/game.cpp: In function 'int main()':
../Src/game.cpp:486:28: warning: ISO C++ forbids converting a string constant to 'char*' [-Wwrite-strings]
  string_LCD("Press.  Botao");
                            ^
../Src/game.cpp: In function 'void SystemClock_Config()':
../Src/game.cpp:577:38: warning: ISO C++ forbids converting a string constant to 'char*' [-Wwrite-strings]
     _Error_Handler(__FILE__, __LINE__);
                                      ^
../Src/game.cpp:591:38: warning: ISO C++ forbids converting a string constant to 'char*' [-Wwrite-strings]
     _Error_Handler(__FILE__, __LINE__);
                                      ^
../Src/game.cpp:598:38: warning: ISO C++ forbids converting a string constant to 'char*' [-Wwrite-strings]
     _Error_Handler(__FILE__, __LINE__);
                                      ^
../Src/game.cpp: In function 'void MX_ADC1_Init()':
../Src/game.cpp:630:38: warning: ISO C++ forbids converting a string constant to 'char*' [-Wwrite-strings]
     _Error_Handler(__FILE__, __LINE__);
                                      ^
../Src/game.cpp:640:38: warning: ISO C++ forbids converting a string constant to 'char*' [-Wwrite-strings]
     _Error_Handler(__FILE__, __LINE__);
                                      ^
../Src/game.cpp:649:38: warning: ISO C++ forbids converting a string constant to 'char*' [-Wwrite-strings]
     _Error_Handler(__FILE__, __LINE__);
                                      ^
arm-none-eabi-g++ -o "FreeRTOS_LC5110_Joystick.elf" @"objects.list"   -mcpu=cortex-m3 -T"../STM32F103C8_FLASH.ld" --specs=nosys.specs -Wl,-Map="FreeRTOS_LC5110_Joystick.map" -Wl,--gc-sections -static --specs=nano.specs -mfloat-abi=soft -mthumb -Wl,--start-group -lc -lm -lstdc++ -lsupc++ -Wl,--end-group
Finished building target: FreeRTOS_LC5110_Joystick.elf
 
arm-none-eabi-objdump -h -S  FreeRTOS_LC5110_Joystick.elf  > "FreeRTOS_LC5110_Joystick.list"
Finished building: FreeRTOS_LC5110_Joystick.list
 
arm-none-eabi-objcopy  -O binary  FreeRTOS_LC5110_Joystick.elf  "FreeRTOS_LC5110_Joystick.bin"
Finished building: FreeRTOS_LC5110_Joystick.bin
 
arm-none-eabi-size   FreeRTOS_LC5110_Joystick.elf 
   text	   data	    bss	    dec	    hex	filename
  19824	    124	  15736	  35684	   8b64	FreeRTOS_LC5110_Joystick.elf
Finished building: default.size.stdout
 
20:44:33 **** Incremental Build of configuration Debug for project FreeRTOS_LC5110_Joystick ****
make all 
arm-none-eabi-g++ "../Src/game.cpp" -mcpu=cortex-m3 -std=gnu++14 -g3 '-D__weak=__attribute__((weak))' '-D__packed=__attribute__((__packed__))' -DUSE_HAL_DRIVER -DSTM32F103xB -c -I../Inc -I../Drivers/STM32F1xx_HAL_Driver/Inc -I../Drivers/STM32F1xx_HAL_Driver/Inc/Legacy -I../Middlewares/Third_Party/FreeRTOS/Source/portable/GCC/ARM_CM3 -I../Drivers/CMSIS/Device/ST/STM32F1xx/Include -I../Middlewares/Third_Party/FreeRTOS/Source/include -I../Middlewares/Third_Party/FreeRTOS/Source/CMSIS_RTOS -I../Drivers/CMSIS/Include -Os -ffunction-sections -fdata-sections -fno-exceptions -fno-rtti -fno-threadsafe-statics -fno-use-cxa-atexit -Wall -fstack-usage -MMD -MP -MF"Src/game.d" -MT"Src/game.o" --specs=nano.specs -mfloat-abi=soft -mthumb -o "Src/game.o"
../Src/game.cpp: In member function 'int IntelligentAgent::action(EnvBlobObs*)':
../Src/game.cpp:307:33: warning: comparison between signed and unsigned integer expressions [-Wsign-compare]
             if (prng_LFSR()%100 > _epsilon)
                 ~~~~~~~~~~~~~~~~^~~~~~~~~~
../Src/game.cpp: In function 'int app()':
../Src/game.cpp:369:1: warning: no return statement in function returning non-void [-Wreturn-type]
 }
 ^
../Src/game.cpp: In function 'int main()':
../Src/game.cpp:486:28: warning: ISO C++ forbids converting a string constant to 'char*' [-Wwrite-strings]
  string_LCD("Press.  Botao");
                            ^
../Src/game.cpp: In function 'void SystemClock_Config()':
../Src/game.cpp:577:38: warning: ISO C++ forbids converting a string constant to 'char*' [-Wwrite-strings]
     _Error_Handler(__FILE__, __LINE__);
                                      ^
../Src/game.cpp:591:38: warning: ISO C++ forbids converting a string constant to 'char*' [-Wwrite-strings]
     _Error_Handler(__FILE__, __LINE__);
                                      ^
../Src/game.cpp:598:38: warning: ISO C++ forbids converting a string constant to 'char*' [-Wwrite-strings]
     _Error_Handler(__FILE__, __LINE__);
                                      ^
../Src/game.cpp: In function 'void MX_ADC1_Init()':
../Src/game.cpp:630:38: warning: ISO C++ forbids converting a string constant to 'char*' [-Wwrite-strings]
     _Error_Handler(__FILE__, __LINE__);
                                      ^
../Src/game.cpp:640:38: warning: ISO C++ forbids converting a string constant to 'char*' [-Wwrite-strings]
     _Error_Handler(__FILE__, __LINE__);
                                      ^
../Src/game.cpp:649:38: warning: ISO C++ forbids converting a string constant to 'char*' [-Wwrite-strings]
     _Error_Handler(__FILE__, __LINE__);
                                      ^
arm-none-eabi-g++ -o "FreeRTOS_LC5110_Joystick.elf" @"objects.list"   -mcpu=cortex-m3 -T"../STM32F103C8_FLASH.ld" --specs=nosys.specs -Wl,-Map="FreeRTOS_LC5110_Joystick.map" -Wl,--gc-sections -static --specs=nano.specs -mfloat-abi=soft -mthumb -Wl,--start-group -lc -lm -lstdc++ -lsupc++ -Wl,--end-group
Finished building target: FreeRTOS_LC5110_Joystick.elf
 
arm-none-eabi-objdump -h -S  FreeRTOS_LC5110_Joystick.elf  > "FreeRTOS_LC5110_Joystick.list"
Finished building: FreeRTOS_LC5110_Joystick.list
 
arm-none-eabi-objcopy  -O binary  FreeRTOS_LC5110_Joystick.elf  "FreeRTOS_LC5110_Joystick.bin"
Finished building: FreeRTOS_LC5110_Joystick.bin
 
arm-none-eabi-size   FreeRTOS_LC5110_Joystick.elf 
   text	   data	    bss	    dec	    hex	filename
  19824	    124	  15736	  35684	   8b64	FreeRTOS_LC5110_Joystick.elf
Finished building: default.size.stdout
 
20:45:26 **** Incremental Build of configuration Debug for project FreeRTOS_LC5110_Joystick ****
make all 
arm-none-eabi-g++ "../Src/game.cpp" -mcpu=cortex-m3 -std=gnu++14 -g3 '-D__weak=__attribute__((weak))' '-D__packed=__attribute__((__packed__))' -DUSE_HAL_DRIVER -DSTM32F103xB -c -I../Inc -I../Drivers/STM32F1xx_HAL_Driver/Inc -I../Drivers/STM32F1xx_HAL_Driver/Inc/Legacy -I../Middlewares/Third_Party/FreeRTOS/Source/portable/GCC/ARM_CM3 -I../Drivers/CMSIS/Device/ST/STM32F1xx/Include -I../Middlewares/Third_Party/FreeRTOS/Source/include -I../Middlewares/Third_Party/FreeRTOS/Source/CMSIS_RTOS -I../Drivers/CMSIS/Include -Os -ffunction-sections -fdata-sections -fno-exceptions -fno-rtti -fno-threadsafe-statics -fno-use-cxa-atexit -Wall -fstack-usage -MMD -MP -MF"Src/game.d" -MT"Src/game.o" --specs=nano.specs -mfloat-abi=soft -mthumb -o "Src/game.o"
../Src/game.cpp: In member function 'int IntelligentAgent::action(EnvBlobObs*)':
../Src/game.cpp:307:33: warning: comparison between signed and unsigned integer expressions [-Wsign-compare]
             if (prng_LFSR()%100 > _epsilon)
                 ~~~~~~~~~~~~~~~~^~~~~~~~~~
../Src/game.cpp: In function 'int app()':
../Src/game.cpp:369:1: warning: no return statement in function returning non-void [-Wreturn-type]
 }
 ^
../Src/game.cpp: In function 'int main()':
../Src/game.cpp:486:28: warning: ISO C++ forbids converting a string constant to 'char*' [-Wwrite-strings]
  string_LCD("Press.  Botao");
                            ^
../Src/game.cpp: In function 'void SystemClock_Config()':
../Src/game.cpp:577:38: warning: ISO C++ forbids converting a string constant to 'char*' [-Wwrite-strings]
     _Error_Handler(__FILE__, __LINE__);
                                      ^
../Src/game.cpp:591:38: warning: ISO C++ forbids converting a string constant to 'char*' [-Wwrite-strings]
     _Error_Handler(__FILE__, __LINE__);
                                      ^
../Src/game.cpp:598:38: warning: ISO C++ forbids converting a string constant to 'char*' [-Wwrite-strings]
     _Error_Handler(__FILE__, __LINE__);
                                      ^
../Src/game.cpp: In function 'void MX_ADC1_Init()':
../Src/game.cpp:630:38: warning: ISO C++ forbids converting a string constant to 'char*' [-Wwrite-strings]
     _Error_Handler(__FILE__, __LINE__);
                                      ^
../Src/game.cpp:640:38: warning: ISO C++ forbids converting a string constant to 'char*' [-Wwrite-strings]
     _Error_Handler(__FILE__, __LINE__);
                                      ^
../Src/game.cpp:649:38: warning: ISO C++ forbids converting a string constant to 'char*' [-Wwrite-strings]
     _Error_Handler(__FILE__, __LINE__);
                                      ^
arm-none-eabi-g++ -o "FreeRTOS_LC5110_Joystick.elf" @"objects.list"   -mcpu=cortex-m3 -T"../STM32F103C8_FLASH.ld" --specs=nosys.specs -Wl,-Map="FreeRTOS_LC5110_Joystick.map" -Wl,--gc-sections -static --specs=nano.specs -mfloat-abi=soft -mthumb -Wl,--start-group -lc -lm -lstdc++ -lsupc++ -Wl,--end-group
Finished building target: FreeRTOS_LC5110_Joystick.elf
 
arm-none-eabi-objdump -h -S  FreeRTOS_LC5110_Joystick.elf  > "FreeRTOS_LC5110_Joystick.list"
Finished building: FreeRTOS_LC5110_Joystick.list
 
arm-none-eabi-objcopy  -O binary  FreeRTOS_LC5110_Joystick.elf  "FreeRTOS_LC5110_Joystick.bin"
Finished building: FreeRTOS_LC5110_Joystick.bin
 
arm-none-eabi-size   FreeRTOS_LC5110_Joystick.elf 
   text	   data	    bss	    dec	    hex	filename
  19824	    124	  15736	  35684	   8b64	FreeRTOS_LC5110_Joystick.elf
Finished building: default.size.stdout
 
20:46:11 **** Incremental Build of configuration Debug for project FreeRTOS_LC5110_Joystick ****
make all 
arm-none-eabi-g++ "../Src/game.cpp" -mcpu=cortex-m3 -std=gnu++14 -g3 '-D__weak=__attribute__((weak))' '-D__packed=__attribute__((__packed__))' -DUSE_HAL_DRIVER -DSTM32F103xB -c -I../Inc -I../Drivers/STM32F1xx_HAL_Driver/Inc -I../Drivers/STM32F1xx_HAL_Driver/Inc/Legacy -I../Middlewares/Third_Party/FreeRTOS/Source/portable/GCC/ARM_CM3 -I../Drivers/CMSIS/Device/ST/STM32F1xx/Include -I../Middlewares/Third_Party/FreeRTOS/Source/include -I../Middlewares/Third_Party/FreeRTOS/Source/CMSIS_RTOS -I../Drivers/CMSIS/Include -Os -ffunction-sections -fdata-sections -fno-exceptions -fno-rtti -fno-threadsafe-statics -fno-use-cxa-atexit -Wall -fstack-usage -MMD -MP -MF"Src/game.d" -MT"Src/game.o" --specs=nano.specs -mfloat-abi=soft -mthumb -o "Src/game.o"
../Src/game.cpp: In member function 'int IntelligentAgent::action(EnvBlobObs*)':
../Src/game.cpp:307:33: warning: comparison between signed and unsigned integer expressions [-Wsign-compare]
             if (prng_LFSR()%100 > _epsilon)
                 ~~~~~~~~~~~~~~~~^~~~~~~~~~
../Src/game.cpp: In function 'int app()':
../Src/game.cpp:369:1: warning: no return statement in function returning non-void [-Wreturn-type]
 }
 ^
../Src/game.cpp: In function 'int main()':
../Src/game.cpp:486:28: warning: ISO C++ forbids converting a string constant to 'char*' [-Wwrite-strings]
  string_LCD("Press.  Botao");
                            ^
../Src/game.cpp: In function 'void SystemClock_Config()':
../Src/game.cpp:577:38: warning: ISO C++ forbids converting a string constant to 'char*' [-Wwrite-strings]
     _Error_Handler(__FILE__, __LINE__);
                                      ^
../Src/game.cpp:591:38: warning: ISO C++ forbids converting a string constant to 'char*' [-Wwrite-strings]
     _Error_Handler(__FILE__, __LINE__);
                                      ^
../Src/game.cpp:598:38: warning: ISO C++ forbids converting a string constant to 'char*' [-Wwrite-strings]
     _Error_Handler(__FILE__, __LINE__);
                                      ^
../Src/game.cpp: In function 'void MX_ADC1_Init()':
../Src/game.cpp:630:38: warning: ISO C++ forbids converting a string constant to 'char*' [-Wwrite-strings]
     _Error_Handler(__FILE__, __LINE__);
                                      ^
../Src/game.cpp:640:38: warning: ISO C++ forbids converting a string constant to 'char*' [-Wwrite-strings]
     _Error_Handler(__FILE__, __LINE__);
                                      ^
../Src/game.cpp:649:38: warning: ISO C++ forbids converting a string constant to 'char*' [-Wwrite-strings]
     _Error_Handler(__FILE__, __LINE__);
                                      ^
arm-none-eabi-g++ -o "FreeRTOS_LC5110_Joystick.elf" @"objects.list"   -mcpu=cortex-m3 -T"../STM32F103C8_FLASH.ld" --specs=nosys.specs -Wl,-Map="FreeRTOS_LC5110_Joystick.map" -Wl,--gc-sections -static --specs=nano.specs -mfloat-abi=soft -mthumb -Wl,--start-group -lc -lm -lstdc++ -lsupc++ -Wl,--end-group
Finished building target: FreeRTOS_LC5110_Joystick.elf
 
arm-none-eabi-objdump -h -S  FreeRTOS_LC5110_Joystick.elf  > "FreeRTOS_LC5110_Joystick.list"
Finished building: FreeRTOS_LC5110_Joystick.list
 
arm-none-eabi-objcopy  -O binary  FreeRTOS_LC5110_Joystick.elf  "FreeRTOS_LC5110_Joystick.bin"
Finished building: FreeRTOS_LC5110_Joystick.bin
 
arm-none-eabi-size   FreeRTOS_LC5110_Joystick.elf 
   text	   data	    bss	    dec	    hex	filename
  19824	    124	  15736	  35684	   8b64	FreeRTOS_LC5110_Joystick.elf
Finished building: default.size.stdout
 
20:47:01 **** Incremental Build of configuration Debug for project FreeRTOS_LC5110_Joystick ****
make all 
arm-none-eabi-g++ "../Src/game.cpp" -mcpu=cortex-m3 -std=gnu++14 -g3 '-D__weak=__attribute__((weak))' '-D__packed=__attribute__((__packed__))' -DUSE_HAL_DRIVER -DSTM32F103xB -c -I../Inc -I../Drivers/STM32F1xx_HAL_Driver/Inc -I../Drivers/STM32F1xx_HAL_Driver/Inc/Legacy -I../Middlewares/Third_Party/FreeRTOS/Source/portable/GCC/ARM_CM3 -I../Drivers/CMSIS/Device/ST/STM32F1xx/Include -I../Middlewares/Third_Party/FreeRTOS/Source/include -I../Middlewares/Third_Party/FreeRTOS/Source/CMSIS_RTOS -I../Drivers/CMSIS/Include -Os -ffunction-sections -fdata-sections -fno-exceptions -fno-rtti -fno-threadsafe-statics -fno-use-cxa-atexit -Wall -fstack-usage -MMD -MP -MF"Src/game.d" -MT"Src/game.o" --specs=nano.specs -mfloat-abi=soft -mthumb -o "Src/game.o"
../Src/game.cpp: In member function 'int IntelligentAgent::action(EnvBlobObs*)':
../Src/game.cpp:307:33: warning: comparison between signed and unsigned integer expressions [-Wsign-compare]
             if (prng_LFSR()%100 > _epsilon)
                 ~~~~~~~~~~~~~~~~^~~~~~~~~~
../Src/game.cpp: In function 'int app()':
../Src/game.cpp:369:1: warning: no return statement in function returning non-void [-Wreturn-type]
 }
 ^
../Src/game.cpp: In function 'int main()':
../Src/game.cpp:486:28: warning: ISO C++ forbids converting a string constant to 'char*' [-Wwrite-strings]
  string_LCD("Press.  Botao");
                            ^
../Src/game.cpp: In function 'void SystemClock_Config()':
../Src/game.cpp:577:38: warning: ISO C++ forbids converting a string constant to 'char*' [-Wwrite-strings]
     _Error_Handler(__FILE__, __LINE__);
                                      ^
../Src/game.cpp:591:38: warning: ISO C++ forbids converting a string constant to 'char*' [-Wwrite-strings]
     _Error_Handler(__FILE__, __LINE__);
                                      ^
../Src/game.cpp:598:38: warning: ISO C++ forbids converting a string constant to 'char*' [-Wwrite-strings]
     _Error_Handler(__FILE__, __LINE__);
                                      ^
../Src/game.cpp: In function 'void MX_ADC1_Init()':
../Src/game.cpp:630:38: warning: ISO C++ forbids converting a string constant to 'char*' [-Wwrite-strings]
     _Error_Handler(__FILE__, __LINE__);
                                      ^
../Src/game.cpp:640:38: warning: ISO C++ forbids converting a string constant to 'char*' [-Wwrite-strings]
     _Error_Handler(__FILE__, __LINE__);
                                      ^
../Src/game.cpp:649:38: warning: ISO C++ forbids converting a string constant to 'char*' [-Wwrite-strings]
     _Error_Handler(__FILE__, __LINE__);
                                      ^
arm-none-eabi-g++ -o "FreeRTOS_LC5110_Joystick.elf" @"objects.list"   -mcpu=cortex-m3 -T"../STM32F103C8_FLASH.ld" --specs=nosys.specs -Wl,-Map="FreeRTOS_LC5110_Joystick.map" -Wl,--gc-sections -static --specs=nano.specs -mfloat-abi=soft -mthumb -Wl,--start-group -lc -lm -lstdc++ -lsupc++ -Wl,--end-group
Finished building target: FreeRTOS_LC5110_Joystick.elf
 
arm-none-eabi-objdump -h -S  FreeRTOS_LC5110_Joystick.elf  > "FreeRTOS_LC5110_Joystick.list"
Finished building: FreeRTOS_LC5110_Joystick.list
 
arm-none-eabi-objcopy  -O binary  FreeRTOS_LC5110_Joystick.elf  "FreeRTOS_LC5110_Joystick.bin"
Finished building: FreeRTOS_LC5110_Joystick.bin
 
arm-none-eabi-size   FreeRTOS_LC5110_Joystick.elf 
   text	   data	    bss	    dec	    hex	filename
  19824	    124	  15736	  35684	   8b64	FreeRTOS_LC5110_Joystick.elf
Finished building: default.size.stdout
 
20:52:52 **** Incremental Build of configuration Debug for project FreeRTOS_LC5110_Joystick ****
make all 
arm-none-eabi-g++ "../Src/game.cpp" -mcpu=cortex-m3 -std=gnu++14 -g3 '-D__weak=__attribute__((weak))' '-D__packed=__attribute__((__packed__))' -DUSE_HAL_DRIVER -DSTM32F103xB -c -I../Inc -I../Drivers/STM32F1xx_HAL_Driver/Inc -I../Drivers/STM32F1xx_HAL_Driver/Inc/Legacy -I../Middlewares/Third_Party/FreeRTOS/Source/portable/GCC/ARM_CM3 -I../Drivers/CMSIS/Device/ST/STM32F1xx/Include -I../Middlewares/Third_Party/FreeRTOS/Source/include -I../Middlewares/Third_Party/FreeRTOS/Source/CMSIS_RTOS -I../Drivers/CMSIS/Include -Os -ffunction-sections -fdata-sections -fno-exceptions -fno-rtti -fno-threadsafe-statics -fno-use-cxa-atexit -Wall -fstack-usage -MMD -MP -MF"Src/game.d" -MT"Src/game.o" --specs=nano.specs -mfloat-abi=soft -mthumb -o "Src/game.o"
../Src/game.cpp: In member function 'int IntelligentAgent::action(EnvBlobObs*)':
../Src/game.cpp:307:33: warning: comparison between signed and unsigned integer expressions [-Wsign-compare]
             if (prng_LFSR()%100 > _epsilon)
                 ~~~~~~~~~~~~~~~~^~~~~~~~~~
../Src/game.cpp: In function 'int app()':
../Src/game.cpp:369:1: warning: no return statement in function returning non-void [-Wreturn-type]
 }
 ^
../Src/game.cpp: In function 'int main()':
../Src/game.cpp:487:28: warning: ISO C++ forbids converting a string constant to 'char*' [-Wwrite-strings]
  string_LCD("Press.  Botao");
                            ^
../Src/game.cpp: In function 'void SystemClock_Config()':
../Src/game.cpp:578:38: warning: ISO C++ forbids converting a string constant to 'char*' [-Wwrite-strings]
     _Error_Handler(__FILE__, __LINE__);
                                      ^
../Src/game.cpp:592:38: warning: ISO C++ forbids converting a string constant to 'char*' [-Wwrite-strings]
     _Error_Handler(__FILE__, __LINE__);
                                      ^
../Src/game.cpp:599:38: warning: ISO C++ forbids converting a string constant to 'char*' [-Wwrite-strings]
     _Error_Handler(__FILE__, __LINE__);
                                      ^
../Src/game.cpp: In function 'void MX_ADC1_Init()':
../Src/game.cpp:631:38: warning: ISO C++ forbids converting a string constant to 'char*' [-Wwrite-strings]
     _Error_Handler(__FILE__, __LINE__);
                                      ^
../Src/game.cpp:641:38: warning: ISO C++ forbids converting a string constant to 'char*' [-Wwrite-strings]
     _Error_Handler(__FILE__, __LINE__);
                                      ^
../Src/game.cpp:650:38: warning: ISO C++ forbids converting a string constant to 'char*' [-Wwrite-strings]
     _Error_Handler(__FILE__, __LINE__);
                                      ^
arm-none-eabi-g++ -o "FreeRTOS_LC5110_Joystick.elf" @"objects.list"   -mcpu=cortex-m3 -T"../STM32F103C8_FLASH.ld" --specs=nosys.specs -Wl,-Map="FreeRTOS_LC5110_Joystick.map" -Wl,--gc-sections -static --specs=nano.specs -mfloat-abi=soft -mthumb -Wl,--start-group -lc -lm -lstdc++ -lsupc++ -Wl,--end-group
Finished building target: FreeRTOS_LC5110_Joystick.elf
 
arm-none-eabi-objdump -h -S  FreeRTOS_LC5110_Joystick.elf  > "FreeRTOS_LC5110_Joystick.list"
Finished building: FreeRTOS_LC5110_Joystick.list
 
arm-none-eabi-objcopy  -O binary  FreeRTOS_LC5110_Joystick.elf  "FreeRTOS_LC5110_Joystick.bin"
Finished building: FreeRTOS_LC5110_Joystick.bin
 
arm-none-eabi-size   FreeRTOS_LC5110_Joystick.elf 
   text	   data	    bss	    dec	    hex	filename
  19844	    124	  15736	  35704	   8b78	FreeRTOS_LC5110_Joystick.elf
Finished building: default.size.stdout
 
16:06:12 **** Incremental Build of configuration Debug for project FreeRTOS_LC5110_Joystick ****
make all 
arm-none-eabi-g++ "../Src/game.cpp" -mcpu=cortex-m3 -std=gnu++14 -g3 '-D__weak=__attribute__((weak))' '-D__packed=__attribute__((__packed__))' -DUSE_HAL_DRIVER -DSTM32F103xB -c -I../Inc -I../Drivers/STM32F1xx_HAL_Driver/Inc -I../Drivers/STM32F1xx_HAL_Driver/Inc/Legacy -I../Middlewares/Third_Party/FreeRTOS/Source/portable/GCC/ARM_CM3 -I../Drivers/CMSIS/Device/ST/STM32F1xx/Include -I../Middlewares/Third_Party/FreeRTOS/Source/include -I../Middlewares/Third_Party/FreeRTOS/Source/CMSIS_RTOS -I../Drivers/CMSIS/Include -Os -ffunction-sections -fdata-sections -fno-exceptions -fno-rtti -fno-threadsafe-statics -fno-use-cxa-atexit -Wall -fstack-usage -MMD -MP -MF"Src/game.d" -MT"Src/game.o" --specs=nano.specs -mfloat-abi=soft -mthumb -o "Src/game.o"
../Src/game.cpp: In member function 'int IntelligentAgent::action(EnvBlobObs*)':
../Src/game.cpp:307:33: warning: comparison between signed and unsigned integer expressions [-Wsign-compare]
             if (prng_LFSR()%100 > _epsilon)
                 ~~~~~~~~~~~~~~~~^~~~~~~~~~
../Src/game.cpp: In function 'int app()':
../Src/game.cpp:369:1: warning: no return statement in function returning non-void [-Wreturn-type]
 }
 ^
../Src/game.cpp: In function 'int main()':
../Src/game.cpp:487:28: warning: ISO C++ forbids converting a string constant to 'char*' [-Wwrite-strings]
  string_LCD("Press.  Botao");
                            ^
../Src/game.cpp: In function 'void SystemClock_Config()':
../Src/game.cpp:578:38: warning: ISO C++ forbids converting a string constant to 'char*' [-Wwrite-strings]
     _Error_Handler(__FILE__, __LINE__);
                                      ^
../Src/game.cpp:592:38: warning: ISO C++ forbids converting a string constant to 'char*' [-Wwrite-strings]
     _Error_Handler(__FILE__, __LINE__);
                                      ^
../Src/game.cpp:599:38: warning: ISO C++ forbids converting a string constant to 'char*' [-Wwrite-strings]
     _Error_Handler(__FILE__, __LINE__);
                                      ^
../Src/game.cpp: In function 'void MX_ADC1_Init()':
../Src/game.cpp:631:38: warning: ISO C++ forbids converting a string constant to 'char*' [-Wwrite-strings]
     _Error_Handler(__FILE__, __LINE__);
                                      ^
../Src/game.cpp:641:38: warning: ISO C++ forbids converting a string constant to 'char*' [-Wwrite-strings]
     _Error_Handler(__FILE__, __LINE__);
                                      ^
../Src/game.cpp:650:38: warning: ISO C++ forbids converting a string constant to 'char*' [-Wwrite-strings]
     _Error_Handler(__FILE__, __LINE__);
                                      ^
arm-none-eabi-g++ -o "FreeRTOS_LC5110_Joystick.elf" @"objects.list"   -mcpu=cortex-m3 -T"../STM32F103C8_FLASH.ld" --specs=nosys.specs -Wl,-Map="FreeRTOS_LC5110_Joystick.map" -Wl,--gc-sections -static --specs=nano.specs -mfloat-abi=soft -mthumb -Wl,--start-group -lc -lm -lstdc++ -lsupc++ -Wl,--end-group
Finished building target: FreeRTOS_LC5110_Joystick.elf
 
arm-none-eabi-objdump -h -S  FreeRTOS_LC5110_Joystick.elf  > "FreeRTOS_LC5110_Joystick.list"
Finished building: FreeRTOS_LC5110_Joystick.list
 
arm-none-eabi-objcopy  -O binary  FreeRTOS_LC5110_Joystick.elf  "FreeRTOS_LC5110_Joystick.bin"
Finished building: FreeRTOS_LC5110_Joystick.bin
 
arm-none-eabi-size   FreeRTOS_LC5110_Joystick.elf 
   text	   data	    bss	    dec	    hex	filename
  19852	    124	  15736	  35712	   8b80	FreeRTOS_LC5110_Joystick.elf
Finished building: default.size.stdout
 
16:10:59 **** Incremental Build of configuration Debug for project FreeRTOS_LC5110_Joystick ****
make all 
arm-none-eabi-g++ "../Src/game.cpp" -mcpu=cortex-m3 -std=gnu++14 -g3 '-D__weak=__attribute__((weak))' '-D__packed=__attribute__((__packed__))' -DUSE_HAL_DRIVER -DSTM32F103xB -c -I../Inc -I../Drivers/STM32F1xx_HAL_Driver/Inc -I../Drivers/STM32F1xx_HAL_Driver/Inc/Legacy -I../Middlewares/Third_Party/FreeRTOS/Source/portable/GCC/ARM_CM3 -I../Drivers/CMSIS/Device/ST/STM32F1xx/Include -I../Middlewares/Third_Party/FreeRTOS/Source/include -I../Middlewares/Third_Party/FreeRTOS/Source/CMSIS_RTOS -I../Drivers/CMSIS/Include -Os -ffunction-sections -fdata-sections -fno-exceptions -fno-rtti -fno-threadsafe-statics -fno-use-cxa-atexit -Wall -fstack-usage -MMD -MP -MF"Src/game.d" -MT"Src/game.o" --specs=nano.specs -mfloat-abi=soft -mthumb -o "Src/game.o"
../Src/game.cpp: In member function 'int IntelligentAgent::action(EnvBlobObs*)':
../Src/game.cpp:307:33: warning: comparison between signed and unsigned integer expressions [-Wsign-compare]
             if (prng_LFSR()%100 > _epsilon)
                 ~~~~~~~~~~~~~~~~^~~~~~~~~~
../Src/game.cpp: In function 'int app()':
../Src/game.cpp:369:1: warning: no return statement in function returning non-void [-Wreturn-type]
 }
 ^
../Src/game.cpp: In function 'int main()':
../Src/game.cpp:484:28: warning: ISO C++ forbids converting a string constant to 'char*' [-Wwrite-strings]
  string_LCD("Press.  Botao");
                            ^
../Src/game.cpp: In function 'void SystemClock_Config()':
../Src/game.cpp:575:38: warning: ISO C++ forbids converting a string constant to 'char*' [-Wwrite-strings]
     _Error_Handler(__FILE__, __LINE__);
                                      ^
../Src/game.cpp:589:38: warning: ISO C++ forbids converting a string constant to 'char*' [-Wwrite-strings]
     _Error_Handler(__FILE__, __LINE__);
                                      ^
../Src/game.cpp:596:38: warning: ISO C++ forbids converting a string constant to 'char*' [-Wwrite-strings]
     _Error_Handler(__FILE__, __LINE__);
                                      ^
../Src/game.cpp: In function 'void MX_ADC1_Init()':
../Src/game.cpp:628:38: warning: ISO C++ forbids converting a string constant to 'char*' [-Wwrite-strings]
     _Error_Handler(__FILE__, __LINE__);
                                      ^
../Src/game.cpp:638:38: warning: ISO C++ forbids converting a string constant to 'char*' [-Wwrite-strings]
     _Error_Handler(__FILE__, __LINE__);
                                      ^
../Src/game.cpp:647:38: warning: ISO C++ forbids converting a string constant to 'char*' [-Wwrite-strings]
     _Error_Handler(__FILE__, __LINE__);
                                      ^
arm-none-eabi-g++ -o "FreeRTOS_LC5110_Joystick.elf" @"objects.list"   -mcpu=cortex-m3 -T"../STM32F103C8_FLASH.ld" --specs=nosys.specs -Wl,-Map="FreeRTOS_LC5110_Joystick.map" -Wl,--gc-sections -static --specs=nano.specs -mfloat-abi=soft -mthumb -Wl,--start-group -lc -lm -lstdc++ -lsupc++ -Wl,--end-group
Finished building target: FreeRTOS_LC5110_Joystick.elf
 
arm-none-eabi-objdump -h -S  FreeRTOS_LC5110_Joystick.elf  > "FreeRTOS_LC5110_Joystick.list"
Finished building: FreeRTOS_LC5110_Joystick.list
 
arm-none-eabi-objcopy  -O binary  FreeRTOS_LC5110_Joystick.elf  "FreeRTOS_LC5110_Joystick.bin"
Finished building: FreeRTOS_LC5110_Joystick.bin
 
arm-none-eabi-size   FreeRTOS_LC5110_Joystick.elf 
   text	   data	    bss	    dec	    hex	filename
  19824	    124	  15736	  35684	   8b64	FreeRTOS_LC5110_Joystick.elf
Finished building: default.size.stdout
 
16:11:26 **** Incremental Build of configuration Debug for project FreeRTOS_LC5110_Joystick ****
make all 
arm-none-eabi-g++ "../Src/game.cpp" -mcpu=cortex-m3 -std=gnu++14 -g3 '-D__weak=__attribute__((weak))' '-D__packed=__attribute__((__packed__))' -DUSE_HAL_DRIVER -DSTM32F103xB -c -I../Inc -I../Drivers/STM32F1xx_HAL_Driver/Inc -I../Drivers/STM32F1xx_HAL_Driver/Inc/Legacy -I../Middlewares/Third_Party/FreeRTOS/Source/portable/GCC/ARM_CM3 -I../Drivers/CMSIS/Device/ST/STM32F1xx/Include -I../Middlewares/Third_Party/FreeRTOS/Source/include -I../Middlewares/Third_Party/FreeRTOS/Source/CMSIS_RTOS -I../Drivers/CMSIS/Include -Os -ffunction-sections -fdata-sections -fno-exceptions -fno-rtti -fno-threadsafe-statics -fno-use-cxa-atexit -Wall -fstack-usage -MMD -MP -MF"Src/game.d" -MT"Src/game.o" --specs=nano.specs -mfloat-abi=soft -mthumb -o "Src/game.o"
../Src/game.cpp: In member function 'int IntelligentAgent::action(EnvBlobObs*)':
../Src/game.cpp:307:33: warning: comparison between signed and unsigned integer expressions [-Wsign-compare]
             if (prng_LFSR()%100 > _epsilon)
                 ~~~~~~~~~~~~~~~~^~~~~~~~~~
../Src/game.cpp: In function 'int app()':
../Src/game.cpp:369:1: warning: no return statement in function returning non-void [-Wreturn-type]
 }
 ^
../Src/game.cpp: In function 'int main()':
../Src/game.cpp:484:28: warning: ISO C++ forbids converting a string constant to 'char*' [-Wwrite-strings]
  string_LCD("Press.  Botao");
                            ^
../Src/game.cpp: In function 'void SystemClock_Config()':
../Src/game.cpp:575:38: warning: ISO C++ forbids converting a string constant to 'char*' [-Wwrite-strings]
     _Error_Handler(__FILE__, __LINE__);
                                      ^
../Src/game.cpp:589:38: warning: ISO C++ forbids converting a string constant to 'char*' [-Wwrite-strings]
     _Error_Handler(__FILE__, __LINE__);
                                      ^
../Src/game.cpp:596:38: warning: ISO C++ forbids converting a string constant to 'char*' [-Wwrite-strings]
     _Error_Handler(__FILE__, __LINE__);
                                      ^
../Src/game.cpp: In function 'void MX_ADC1_Init()':
../Src/game.cpp:628:38: warning: ISO C++ forbids converting a string constant to 'char*' [-Wwrite-strings]
     _Error_Handler(__FILE__, __LINE__);
                                      ^
../Src/game.cpp:638:38: warning: ISO C++ forbids converting a string constant to 'char*' [-Wwrite-strings]
     _Error_Handler(__FILE__, __LINE__);
                                      ^
../Src/game.cpp:647:38: warning: ISO C++ forbids converting a string constant to 'char*' [-Wwrite-strings]
     _Error_Handler(__FILE__, __LINE__);
                                      ^
arm-none-eabi-g++ -o "FreeRTOS_LC5110_Joystick.elf" @"objects.list"   -mcpu=cortex-m3 -T"../STM32F103C8_FLASH.ld" --specs=nosys.specs -Wl,-Map="FreeRTOS_LC5110_Joystick.map" -Wl,--gc-sections -static --specs=nano.specs -mfloat-abi=soft -mthumb -Wl,--start-group -lc -lm -lstdc++ -lsupc++ -Wl,--end-group
Finished building target: FreeRTOS_LC5110_Joystick.elf
 
arm-none-eabi-objdump -h -S  FreeRTOS_LC5110_Joystick.elf  > "FreeRTOS_LC5110_Joystick.list"
Finished building: FreeRTOS_LC5110_Joystick.list
 
arm-none-eabi-objcopy  -O binary  FreeRTOS_LC5110_Joystick.elf  "FreeRTOS_LC5110_Joystick.bin"
Finished building: FreeRTOS_LC5110_Joystick.bin
 
arm-none-eabi-size   FreeRTOS_LC5110_Joystick.elf 
   text	   data	    bss	    dec	    hex	filename
  19824	    124	  15736	  35684	   8b64	FreeRTOS_LC5110_Joystick.elf
Finished building: default.size.stdout
 
16:11:55 **** Incremental Build of configuration Debug for project FreeRTOS_LC5110_Joystick ****
make all 
arm-none-eabi-g++ "../Src/game.cpp" -mcpu=cortex-m3 -std=gnu++14 -g3 '-D__weak=__attribute__((weak))' '-D__packed=__attribute__((__packed__))' -DUSE_HAL_DRIVER -DSTM32F103xB -c -I../Inc -I../Drivers/STM32F1xx_HAL_Driver/Inc -I../Drivers/STM32F1xx_HAL_Driver/Inc/Legacy -I../Middlewares/Third_Party/FreeRTOS/Source/portable/GCC/ARM_CM3 -I../Drivers/CMSIS/Device/ST/STM32F1xx/Include -I../Middlewares/Third_Party/FreeRTOS/Source/include -I../Middlewares/Third_Party/FreeRTOS/Source/CMSIS_RTOS -I../Drivers/CMSIS/Include -Os -ffunction-sections -fdata-sections -fno-exceptions -fno-rtti -fno-threadsafe-statics -fno-use-cxa-atexit -Wall -fstack-usage -MMD -MP -MF"Src/game.d" -MT"Src/game.o" --specs=nano.specs -mfloat-abi=soft -mthumb -o "Src/game.o"
../Src/game.cpp: In member function 'int IntelligentAgent::action(EnvBlobObs*)':
../Src/game.cpp:307:33: warning: comparison between signed and unsigned integer expressions [-Wsign-compare]
             if (prng_LFSR()%100 > _epsilon)
                 ~~~~~~~~~~~~~~~~^~~~~~~~~~
../Src/game.cpp: In function 'int app()':
../Src/game.cpp:369:1: warning: no return statement in function returning non-void [-Wreturn-type]
 }
 ^
../Src/game.cpp: In function 'int main()':
../Src/game.cpp:484:28: warning: ISO C++ forbids converting a string constant to 'char*' [-Wwrite-strings]
  string_LCD("Press.  Botao");
                            ^
../Src/game.cpp: In function 'void SystemClock_Config()':
../Src/game.cpp:575:38: warning: ISO C++ forbids converting a string constant to 'char*' [-Wwrite-strings]
     _Error_Handler(__FILE__, __LINE__);
                                      ^
../Src/game.cpp:589:38: warning: ISO C++ forbids converting a string constant to 'char*' [-Wwrite-strings]
     _Error_Handler(__FILE__, __LINE__);
                                      ^
../Src/game.cpp:596:38: warning: ISO C++ forbids converting a string constant to 'char*' [-Wwrite-strings]
     _Error_Handler(__FILE__, __LINE__);
                                      ^
../Src/game.cpp: In function 'void MX_ADC1_Init()':
../Src/game.cpp:628:38: warning: ISO C++ forbids converting a string constant to 'char*' [-Wwrite-strings]
     _Error_Handler(__FILE__, __LINE__);
                                      ^
../Src/game.cpp:638:38: warning: ISO C++ forbids converting a string constant to 'char*' [-Wwrite-strings]
     _Error_Handler(__FILE__, __LINE__);
                                      ^
../Src/game.cpp:647:38: warning: ISO C++ forbids converting a string constant to 'char*' [-Wwrite-strings]
     _Error_Handler(__FILE__, __LINE__);
                                      ^
arm-none-eabi-g++ -o "FreeRTOS_LC5110_Joystick.elf" @"objects.list"   -mcpu=cortex-m3 -T"../STM32F103C8_FLASH.ld" --specs=nosys.specs -Wl,-Map="FreeRTOS_LC5110_Joystick.map" -Wl,--gc-sections -static --specs=nano.specs -mfloat-abi=soft -mthumb -Wl,--start-group -lc -lm -lstdc++ -lsupc++ -Wl,--end-group
Finished building target: FreeRTOS_LC5110_Joystick.elf
 
arm-none-eabi-objdump -h -S  FreeRTOS_LC5110_Joystick.elf  > "FreeRTOS_LC5110_Joystick.list"
Finished building: FreeRTOS_LC5110_Joystick.list
 
arm-none-eabi-objcopy  -O binary  FreeRTOS_LC5110_Joystick.elf  "FreeRTOS_LC5110_Joystick.bin"
Finished building: FreeRTOS_LC5110_Joystick.bin
 
arm-none-eabi-size   FreeRTOS_LC5110_Joystick.elf 
   text	   data	    bss	    dec	    hex	filename
  19824	    124	  15736	  35684	   8b64	FreeRTOS_LC5110_Joystick.elf
Finished building: default.size.stdout
 
16:12:19 **** Incremental Build of configuration Debug for project FreeRTOS_LC5110_Joystick ****
make all 
arm-none-eabi-g++ "../Src/game.cpp" -mcpu=cortex-m3 -std=gnu++14 -g3 '-D__weak=__attribute__((weak))' '-D__packed=__attribute__((__packed__))' -DUSE_HAL_DRIVER -DSTM32F103xB -c -I../Inc -I../Drivers/STM32F1xx_HAL_Driver/Inc -I../Drivers/STM32F1xx_HAL_Driver/Inc/Legacy -I../Middlewares/Third_Party/FreeRTOS/Source/portable/GCC/ARM_CM3 -I../Drivers/CMSIS/Device/ST/STM32F1xx/Include -I../Middlewares/Third_Party/FreeRTOS/Source/include -I../Middlewares/Third_Party/FreeRTOS/Source/CMSIS_RTOS -I../Drivers/CMSIS/Include -Os -ffunction-sections -fdata-sections -fno-exceptions -fno-rtti -fno-threadsafe-statics -fno-use-cxa-atexit -Wall -fstack-usage -MMD -MP -MF"Src/game.d" -MT"Src/game.o" --specs=nano.specs -mfloat-abi=soft -mthumb -o "Src/game.o"
../Src/game.cpp: In member function 'int IntelligentAgent::action(EnvBlobObs*)':
../Src/game.cpp:307:33: warning: comparison between signed and unsigned integer expressions [-Wsign-compare]
             if (prng_LFSR()%100 > _epsilon)
                 ~~~~~~~~~~~~~~~~^~~~~~~~~~
../Src/game.cpp: In function 'int app()':
../Src/game.cpp:369:1: warning: no return statement in function returning non-void [-Wreturn-type]
 }
 ^
../Src/game.cpp: In function 'int main()':
../Src/game.cpp:484:28: warning: ISO C++ forbids converting a string constant to 'char*' [-Wwrite-strings]
  string_LCD("Press.  Botao");
                            ^
../Src/game.cpp: In function 'void SystemClock_Config()':
../Src/game.cpp:575:38: warning: ISO C++ forbids converting a string constant to 'char*' [-Wwrite-strings]
     _Error_Handler(__FILE__, __LINE__);
                                      ^
../Src/game.cpp:589:38: warning: ISO C++ forbids converting a string constant to 'char*' [-Wwrite-strings]
     _Error_Handler(__FILE__, __LINE__);
                                      ^
../Src/game.cpp:596:38: warning: ISO C++ forbids converting a string constant to 'char*' [-Wwrite-strings]
     _Error_Handler(__FILE__, __LINE__);
                                      ^
../Src/game.cpp: In function 'void MX_ADC1_Init()':
../Src/game.cpp:628:38: warning: ISO C++ forbids converting a string constant to 'char*' [-Wwrite-strings]
     _Error_Handler(__FILE__, __LINE__);
                                      ^
../Src/game.cpp:638:38: warning: ISO C++ forbids converting a string constant to 'char*' [-Wwrite-strings]
     _Error_Handler(__FILE__, __LINE__);
                                      ^
../Src/game.cpp:647:38: warning: ISO C++ forbids converting a string constant to 'char*' [-Wwrite-strings]
     _Error_Handler(__FILE__, __LINE__);
                                      ^
arm-none-eabi-g++ -o "FreeRTOS_LC5110_Joystick.elf" @"objects.list"   -mcpu=cortex-m3 -T"../STM32F103C8_FLASH.ld" --specs=nosys.specs -Wl,-Map="FreeRTOS_LC5110_Joystick.map" -Wl,--gc-sections -static --specs=nano.specs -mfloat-abi=soft -mthumb -Wl,--start-group -lc -lm -lstdc++ -lsupc++ -Wl,--end-group
Finished building target: FreeRTOS_LC5110_Joystick.elf
 
arm-none-eabi-objdump -h -S  FreeRTOS_LC5110_Joystick.elf  > "FreeRTOS_LC5110_Joystick.list"
Finished building: FreeRTOS_LC5110_Joystick.list
 
arm-none-eabi-objcopy  -O binary  FreeRTOS_LC5110_Joystick.elf  "FreeRTOS_LC5110_Joystick.bin"
Finished building: FreeRTOS_LC5110_Joystick.bin
 
arm-none-eabi-size   FreeRTOS_LC5110_Joystick.elf 
   text	   data	    bss	    dec	    hex	filename
  19824	    124	  15736	  35684	   8b64	FreeRTOS_LC5110_Joystick.elf
Finished building: default.size.stdout
 
16:15:42 **** Incremental Build of configuration Debug for project FreeRTOS_LC5110_Joystick ****
make all 
arm-none-eabi-g++ "../Src/game.cpp" -mcpu=cortex-m3 -std=gnu++14 -g3 '-D__weak=__attribute__((weak))' '-D__packed=__attribute__((__packed__))' -DUSE_HAL_DRIVER -DSTM32F103xB -c -I../Inc -I../Drivers/STM32F1xx_HAL_Driver/Inc -I../Drivers/STM32F1xx_HAL_Driver/Inc/Legacy -I../Middlewares/Third_Party/FreeRTOS/Source/portable/GCC/ARM_CM3 -I../Drivers/CMSIS/Device/ST/STM32F1xx/Include -I../Middlewares/Third_Party/FreeRTOS/Source/include -I../Middlewares/Third_Party/FreeRTOS/Source/CMSIS_RTOS -I../Drivers/CMSIS/Include -Os -ffunction-sections -fdata-sections -fno-exceptions -fno-rtti -fno-threadsafe-statics -fno-use-cxa-atexit -Wall -fstack-usage -MMD -MP -MF"Src/game.d" -MT"Src/game.o" --specs=nano.specs -mfloat-abi=soft -mthumb -o "Src/game.o"
../Src/game.cpp: In member function 'int IntelligentAgent::action(EnvBlobObs*)':
../Src/game.cpp:309:33: warning: comparison between signed and unsigned integer expressions [-Wsign-compare]
             if (prng_LFSR()%100 > _epsilon)
                 ~~~~~~~~~~~~~~~~^~~~~~~~~~
../Src/game.cpp: In function 'int app()':
../Src/game.cpp:371:1: warning: no return statement in function returning non-void [-Wreturn-type]
 }
 ^
../Src/game.cpp: In function 'int main()':
../Src/game.cpp:486:28: warning: ISO C++ forbids converting a string constant to 'char*' [-Wwrite-strings]
  string_LCD("Press.  Botao");
                            ^
../Src/game.cpp: In function 'void SystemClock_Config()':
../Src/game.cpp:577:38: warning: ISO C++ forbids converting a string constant to 'char*' [-Wwrite-strings]
     _Error_Handler(__FILE__, __LINE__);
                                      ^
../Src/game.cpp:591:38: warning: ISO C++ forbids converting a string constant to 'char*' [-Wwrite-strings]
     _Error_Handler(__FILE__, __LINE__);
                                      ^
../Src/game.cpp:598:38: warning: ISO C++ forbids converting a string constant to 'char*' [-Wwrite-strings]
     _Error_Handler(__FILE__, __LINE__);
                                      ^
../Src/game.cpp: In function 'void MX_ADC1_Init()':
../Src/game.cpp:630:38: warning: ISO C++ forbids converting a string constant to 'char*' [-Wwrite-strings]
     _Error_Handler(__FILE__, __LINE__);
                                      ^
../Src/game.cpp:640:38: warning: ISO C++ forbids converting a string constant to 'char*' [-Wwrite-strings]
     _Error_Handler(__FILE__, __LINE__);
                                      ^
../Src/game.cpp:649:38: warning: ISO C++ forbids converting a string constant to 'char*' [-Wwrite-strings]
     _Error_Handler(__FILE__, __LINE__);
                                      ^
arm-none-eabi-g++ -o "FreeRTOS_LC5110_Joystick.elf" @"objects.list"   -mcpu=cortex-m3 -T"../STM32F103C8_FLASH.ld" --specs=nosys.specs -Wl,-Map="FreeRTOS_LC5110_Joystick.map" -Wl,--gc-sections -static --specs=nano.specs -mfloat-abi=soft -mthumb -Wl,--start-group -lc -lm -lstdc++ -lsupc++ -Wl,--end-group
Finished building target: FreeRTOS_LC5110_Joystick.elf
 
arm-none-eabi-objdump -h -S  FreeRTOS_LC5110_Joystick.elf  > "FreeRTOS_LC5110_Joystick.list"
Finished building: FreeRTOS_LC5110_Joystick.list
 
arm-none-eabi-objcopy  -O binary  FreeRTOS_LC5110_Joystick.elf  "FreeRTOS_LC5110_Joystick.bin"
Finished building: FreeRTOS_LC5110_Joystick.bin
 
arm-none-eabi-size   FreeRTOS_LC5110_Joystick.elf 
   text	   data	    bss	    dec	    hex	filename
  19832	    124	  15736	  35692	   8b6c	FreeRTOS_LC5110_Joystick.elf
Finished building: default.size.stdout
 
16:17:58 **** Incremental Build of configuration Debug for project FreeRTOS_LC5110_Joystick ****
make all 
arm-none-eabi-g++ "../Src/nokia.cpp" -mcpu=cortex-m3 -std=gnu++14 -g3 '-D__weak=__attribute__((weak))' '-D__packed=__attribute__((__packed__))' -DUSE_HAL_DRIVER -DSTM32F103xB -c -I../Inc -I../Drivers/STM32F1xx_HAL_Driver/Inc -I../Drivers/STM32F1xx_HAL_Driver/Inc/Legacy -I../Middlewares/Third_Party/FreeRTOS/Source/portable/GCC/ARM_CM3 -I../Drivers/CMSIS/Device/ST/STM32F1xx/Include -I../Middlewares/Third_Party/FreeRTOS/Source/include -I../Middlewares/Third_Party/FreeRTOS/Source/CMSIS_RTOS -I../Drivers/CMSIS/Include -Os -ffunction-sections -fdata-sections -fno-exceptions -fno-rtti -fno-threadsafe-statics -fno-use-cxa-atexit -Wall -fstack-usage -MMD -MP -MF"Src/nokia.d" -MT"Src/nokia.o" --specs=nano.specs -mfloat-abi=soft -mthumb -o "Src/nokia.o"
../Src/nokia.cpp: In function 'void desenha_linha(pontos_t*, uint32_t)':
../Src/nokia.cpp:326:13: warning: comparison between signed and unsigned integer expressions [-Wsign-compare]
   for(i=0; x<xe; i++)
            ~^~~
../Src/nokia.cpp:355:12: warning: comparison between signed and unsigned integer expressions [-Wsign-compare]
   for(i=0;y<ye;i++)
           ~^~~
arm-none-eabi-g++ -o "FreeRTOS_LC5110_Joystick.elf" @"objects.list"   -mcpu=cortex-m3 -T"../STM32F103C8_FLASH.ld" --specs=nosys.specs -Wl,-Map="FreeRTOS_LC5110_Joystick.map" -Wl,--gc-sections -static --specs=nano.specs -mfloat-abi=soft -mthumb -Wl,--start-group -lc -lm -lstdc++ -lsupc++ -Wl,--end-group
Finished building target: FreeRTOS_LC5110_Joystick.elf
 
arm-none-eabi-objdump -h -S  FreeRTOS_LC5110_Joystick.elf  > "FreeRTOS_LC5110_Joystick.list"
Finished building: FreeRTOS_LC5110_Joystick.list
 
arm-none-eabi-objcopy  -O binary  FreeRTOS_LC5110_Joystick.elf  "FreeRTOS_LC5110_Joystick.bin"
Finished building: FreeRTOS_LC5110_Joystick.bin
 
arm-none-eabi-size   FreeRTOS_LC5110_Joystick.elf 
   text	   data	    bss	    dec	    hex	filename
  19804	    124	  15736	  35664	   8b50	FreeRTOS_LC5110_Joystick.elf
Finished building: default.size.stdout
 
16:19:36 **** Incremental Build of configuration Debug for project FreeRTOS_LC5110_Joystick ****
make all 
arm-none-eabi-g++ "../Src/nokia.cpp" -mcpu=cortex-m3 -std=gnu++14 -g3 '-D__weak=__attribute__((weak))' '-D__packed=__attribute__((__packed__))' -DUSE_HAL_DRIVER -DSTM32F103xB -c -I../Inc -I../Drivers/STM32F1xx_HAL_Driver/Inc -I../Drivers/STM32F1xx_HAL_Driver/Inc/Legacy -I../Middlewares/Third_Party/FreeRTOS/Source/portable/GCC/ARM_CM3 -I../Drivers/CMSIS/Device/ST/STM32F1xx/Include -I../Middlewares/Third_Party/FreeRTOS/Source/include -I../Middlewares/Third_Party/FreeRTOS/Source/CMSIS_RTOS -I../Drivers/CMSIS/Include -Os -ffunction-sections -fdata-sections -fno-exceptions -fno-rtti -fno-threadsafe-statics -fno-use-cxa-atexit -Wall -fstack-usage -MMD -MP -MF"Src/nokia.d" -MT"Src/nokia.o" --specs=nano.specs -mfloat-abi=soft -mthumb -o "Src/nokia.o"
../Src/nokia.cpp: In function 'void desenha_linha(pontos_t*, uint32_t)':
../Src/nokia.cpp:326:13: warning: comparison between signed and unsigned integer expressions [-Wsign-compare]
   for(i=0; x<xe; i++)
            ~^~~
../Src/nokia.cpp:355:12: warning: comparison between signed and unsigned integer expressions [-Wsign-compare]
   for(i=0;y<ye;i++)
           ~^~~
arm-none-eabi-g++ -o "FreeRTOS_LC5110_Joystick.elf" @"objects.list"   -mcpu=cortex-m3 -T"../STM32F103C8_FLASH.ld" --specs=nosys.specs -Wl,-Map="FreeRTOS_LC5110_Joystick.map" -Wl,--gc-sections -static --specs=nano.specs -mfloat-abi=soft -mthumb -Wl,--start-group -lc -lm -lstdc++ -lsupc++ -Wl,--end-group
Finished building target: FreeRTOS_LC5110_Joystick.elf
 
arm-none-eabi-objdump -h -S  FreeRTOS_LC5110_Joystick.elf  > "FreeRTOS_LC5110_Joystick.list"
Finished building: FreeRTOS_LC5110_Joystick.list
 
arm-none-eabi-objcopy  -O binary  FreeRTOS_LC5110_Joystick.elf  "FreeRTOS_LC5110_Joystick.bin"
Finished building: FreeRTOS_LC5110_Joystick.bin
 
arm-none-eabi-size   FreeRTOS_LC5110_Joystick.elf 
   text	   data	    bss	    dec	    hex	filename
  19808	    124	  15736	  35668	   8b54	FreeRTOS_LC5110_Joystick.elf
Finished building: default.size.stdout
 
16:20:38 **** Incremental Build of configuration Debug for project FreeRTOS_LC5110_Joystick ****
make all 
arm-none-eabi-g++ "../Src/game.cpp" -mcpu=cortex-m3 -std=gnu++14 -g3 '-D__weak=__attribute__((weak))' '-D__packed=__attribute__((__packed__))' -DUSE_HAL_DRIVER -DSTM32F103xB -c -I../Inc -I../Drivers/STM32F1xx_HAL_Driver/Inc -I../Drivers/STM32F1xx_HAL_Driver/Inc/Legacy -I../Middlewares/Third_Party/FreeRTOS/Source/portable/GCC/ARM_CM3 -I../Drivers/CMSIS/Device/ST/STM32F1xx/Include -I../Middlewares/Third_Party/FreeRTOS/Source/include -I../Middlewares/Third_Party/FreeRTOS/Source/CMSIS_RTOS -I../Drivers/CMSIS/Include -Os -ffunction-sections -fdata-sections -fno-exceptions -fno-rtti -fno-threadsafe-statics -fno-use-cxa-atexit -Wall -fstack-usage -MMD -MP -MF"Src/game.d" -MT"Src/game.o" --specs=nano.specs -mfloat-abi=soft -mthumb -o "Src/game.o"
../Src/game.cpp: In member function 'int IntelligentAgent::action(EnvBlobObs*)':
../Src/game.cpp:309:33: warning: comparison between signed and unsigned integer expressions [-Wsign-compare]
             if (prng_LFSR()%100 > _epsilon)
                 ~~~~~~~~~~~~~~~~^~~~~~~~~~
../Src/game.cpp: In function 'int app()':
../Src/game.cpp:371:1: warning: no return statement in function returning non-void [-Wreturn-type]
 }
 ^
../Src/game.cpp: In function 'int main()':
../Src/game.cpp:486:28: warning: ISO C++ forbids converting a string constant to 'char*' [-Wwrite-strings]
  string_LCD("Press.  Botao");
                            ^
../Src/game.cpp:446:16: warning: unused variable 'semente_PRNG' [-Wunused-variable]
  unsigned long semente_PRNG=1;
                ^~~~~~~~~~~~
../Src/game.cpp: In function 'void SystemClock_Config()':
../Src/game.cpp:577:38: warning: ISO C++ forbids converting a string constant to 'char*' [-Wwrite-strings]
     _Error_Handler(__FILE__, __LINE__);
                                      ^
../Src/game.cpp:591:38: warning: ISO C++ forbids converting a string constant to 'char*' [-Wwrite-strings]
     _Error_Handler(__FILE__, __LINE__);
                                      ^
../Src/game.cpp:598:38: warning: ISO C++ forbids converting a string constant to 'char*' [-Wwrite-strings]
     _Error_Handler(__FILE__, __LINE__);
                                      ^
../Src/game.cpp: In function 'void MX_ADC1_Init()':
../Src/game.cpp:630:38: warning: ISO C++ forbids converting a string constant to 'char*' [-Wwrite-strings]
     _Error_Handler(__FILE__, __LINE__);
                                      ^
../Src/game.cpp:640:38: warning: ISO C++ forbids converting a string constant to 'char*' [-Wwrite-strings]
     _Error_Handler(__FILE__, __LINE__);
                                      ^
../Src/game.cpp:649:38: warning: ISO C++ forbids converting a string constant to 'char*' [-Wwrite-strings]
     _Error_Handler(__FILE__, __LINE__);
                                      ^
arm-none-eabi-g++ -o "FreeRTOS_LC5110_Joystick.elf" @"objects.list"   -mcpu=cortex-m3 -T"../STM32F103C8_FLASH.ld" --specs=nosys.specs -Wl,-Map="FreeRTOS_LC5110_Joystick.map" -Wl,--gc-sections -static --specs=nano.specs -mfloat-abi=soft -mthumb -Wl,--start-group -lc -lm -lstdc++ -lsupc++ -Wl,--end-group
Finished building target: FreeRTOS_LC5110_Joystick.elf
 
arm-none-eabi-objdump -h -S  FreeRTOS_LC5110_Joystick.elf  > "FreeRTOS_LC5110_Joystick.list"
Finished building: FreeRTOS_LC5110_Joystick.list
 
arm-none-eabi-objcopy  -O binary  FreeRTOS_LC5110_Joystick.elf  "FreeRTOS_LC5110_Joystick.bin"
Finished building: FreeRTOS_LC5110_Joystick.bin
 
arm-none-eabi-size   FreeRTOS_LC5110_Joystick.elf 
   text	   data	    bss	    dec	    hex	filename
  19808	    124	  15736	  35668	   8b54	FreeRTOS_LC5110_Joystick.elf
Finished building: default.size.stdout
 
16:21:37 **** Incremental Build of configuration Debug for project FreeRTOS_LC5110_Joystick ****
make all 
arm-none-eabi-g++ "../Src/game.cpp" -mcpu=cortex-m3 -std=gnu++14 -g3 '-D__weak=__attribute__((weak))' '-D__packed=__attribute__((__packed__))' -DUSE_HAL_DRIVER -DSTM32F103xB -c -I../Inc -I../Drivers/STM32F1xx_HAL_Driver/Inc -I../Drivers/STM32F1xx_HAL_Driver/Inc/Legacy -I../Middlewares/Third_Party/FreeRTOS/Source/portable/GCC/ARM_CM3 -I../Drivers/CMSIS/Device/ST/STM32F1xx/Include -I../Middlewares/Third_Party/FreeRTOS/Source/include -I../Middlewares/Third_Party/FreeRTOS/Source/CMSIS_RTOS -I../Drivers/CMSIS/Include -Os -ffunction-sections -fdata-sections -fno-exceptions -fno-rtti -fno-threadsafe-statics -fno-use-cxa-atexit -Wall -fstack-usage -MMD -MP -MF"Src/game.d" -MT"Src/game.o" --specs=nano.specs -mfloat-abi=soft -mthumb -o "Src/game.o"
../Src/game.cpp: In member function 'int IntelligentAgent::action(EnvBlobObs*)':
../Src/game.cpp:309:33: warning: comparison between signed and unsigned integer expressions [-Wsign-compare]
             if (prng_LFSR()%100 > _epsilon)
                 ~~~~~~~~~~~~~~~~^~~~~~~~~~
../Src/game.cpp: In function 'int app()':
../Src/game.cpp:371:1: warning: no return statement in function returning non-void [-Wreturn-type]
 }
 ^
../Src/game.cpp: In function 'int main()':
../Src/game.cpp:486:28: warning: ISO C++ forbids converting a string constant to 'char*' [-Wwrite-strings]
  string_LCD("Press.  Botao");
                            ^
../Src/game.cpp:446:16: warning: unused variable 'semente_PRNG' [-Wunused-variable]
  unsigned long semente_PRNG=1;
                ^~~~~~~~~~~~
../Src/game.cpp: In function 'void SystemClock_Config()':
../Src/game.cpp:577:38: warning: ISO C++ forbids converting a string constant to 'char*' [-Wwrite-strings]
     _Error_Handler(__FILE__, __LINE__);
                                      ^
../Src/game.cpp:591:38: warning: ISO C++ forbids converting a string constant to 'char*' [-Wwrite-strings]
     _Error_Handler(__FILE__, __LINE__);
                                      ^
../Src/game.cpp:598:38: warning: ISO C++ forbids converting a string constant to 'char*' [-Wwrite-strings]
     _Error_Handler(__FILE__, __LINE__);
                                      ^
../Src/game.cpp: In function 'void MX_ADC1_Init()':
../Src/game.cpp:630:38: warning: ISO C++ forbids converting a string constant to 'char*' [-Wwrite-strings]
     _Error_Handler(__FILE__, __LINE__);
                                      ^
../Src/game.cpp:640:38: warning: ISO C++ forbids converting a string constant to 'char*' [-Wwrite-strings]
     _Error_Handler(__FILE__, __LINE__);
                                      ^
../Src/game.cpp:649:38: warning: ISO C++ forbids converting a string constant to 'char*' [-Wwrite-strings]
     _Error_Handler(__FILE__, __LINE__);
                                      ^
arm-none-eabi-g++ -o "FreeRTOS_LC5110_Joystick.elf" @"objects.list"   -mcpu=cortex-m3 -T"../STM32F103C8_FLASH.ld" --specs=nosys.specs -Wl,-Map="FreeRTOS_LC5110_Joystick.map" -Wl,--gc-sections -static --specs=nano.specs -mfloat-abi=soft -mthumb -Wl,--start-group -lc -lm -lstdc++ -lsupc++ -Wl,--end-group
Finished building target: FreeRTOS_LC5110_Joystick.elf
 
arm-none-eabi-objdump -h -S  FreeRTOS_LC5110_Joystick.elf  > "FreeRTOS_LC5110_Joystick.list"
Finished building: FreeRTOS_LC5110_Joystick.list
 
arm-none-eabi-objcopy  -O binary  FreeRTOS_LC5110_Joystick.elf  "FreeRTOS_LC5110_Joystick.bin"
Finished building: FreeRTOS_LC5110_Joystick.bin
 
arm-none-eabi-size   FreeRTOS_LC5110_Joystick.elf 
   text	   data	    bss	    dec	    hex	filename
  19808	    124	  15736	  35668	   8b54	FreeRTOS_LC5110_Joystick.elf
Finished building: default.size.stdout
 
16:22:19 **** Incremental Build of configuration Debug for project FreeRTOS_LC5110_Joystick ****
make all 
arm-none-eabi-g++ "../Src/game.cpp" -mcpu=cortex-m3 -std=gnu++14 -g3 '-D__weak=__attribute__((weak))' '-D__packed=__attribute__((__packed__))' -DUSE_HAL_DRIVER -DSTM32F103xB -c -I../Inc -I../Drivers/STM32F1xx_HAL_Driver/Inc -I../Drivers/STM32F1xx_HAL_Driver/Inc/Legacy -I../Middlewares/Third_Party/FreeRTOS/Source/portable/GCC/ARM_CM3 -I../Drivers/CMSIS/Device/ST/STM32F1xx/Include -I../Middlewares/Third_Party/FreeRTOS/Source/include -I../Middlewares/Third_Party/FreeRTOS/Source/CMSIS_RTOS -I../Drivers/CMSIS/Include -Os -ffunction-sections -fdata-sections -fno-exceptions -fno-rtti -fno-threadsafe-statics -fno-use-cxa-atexit -Wall -fstack-usage -MMD -MP -MF"Src/game.d" -MT"Src/game.o" --specs=nano.specs -mfloat-abi=soft -mthumb -o "Src/game.o"
../Src/game.cpp: In member function 'int IntelligentAgent::action(EnvBlobObs*)':
../Src/game.cpp:309:33: warning: comparison between signed and unsigned integer expressions [-Wsign-compare]
             if (prng_LFSR()%100 > _epsilon)
                 ~~~~~~~~~~~~~~~~^~~~~~~~~~
../Src/game.cpp: In function 'int app()':
../Src/game.cpp:371:1: warning: no return statement in function returning non-void [-Wreturn-type]
 }
 ^
../Src/game.cpp: In function 'int main()':
../Src/game.cpp:486:28: warning: ISO C++ forbids converting a string constant to 'char*' [-Wwrite-strings]
  string_LCD("Press.  Botao");
                            ^
../Src/game.cpp:446:16: warning: unused variable 'semente_PRNG' [-Wunused-variable]
  unsigned long semente_PRNG=1;
                ^~~~~~~~~~~~
../Src/game.cpp: In function 'void SystemClock_Config()':
../Src/game.cpp:577:38: warning: ISO C++ forbids converting a string constant to 'char*' [-Wwrite-strings]
     _Error_Handler(__FILE__, __LINE__);
                                      ^
../Src/game.cpp:591:38: warning: ISO C++ forbids converting a string constant to 'char*' [-Wwrite-strings]
     _Error_Handler(__FILE__, __LINE__);
                                      ^
../Src/game.cpp:598:38: warning: ISO C++ forbids converting a string constant to 'char*' [-Wwrite-strings]
     _Error_Handler(__FILE__, __LINE__);
                                      ^
../Src/game.cpp: In function 'void MX_ADC1_Init()':
../Src/game.cpp:630:38: warning: ISO C++ forbids converting a string constant to 'char*' [-Wwrite-strings]
     _Error_Handler(__FILE__, __LINE__);
                                      ^
../Src/game.cpp:640:38: warning: ISO C++ forbids converting a string constant to 'char*' [-Wwrite-strings]
     _Error_Handler(__FILE__, __LINE__);
                                      ^
../Src/game.cpp:649:38: warning: ISO C++ forbids converting a string constant to 'char*' [-Wwrite-strings]
     _Error_Handler(__FILE__, __LINE__);
                                      ^
arm-none-eabi-g++ -o "FreeRTOS_LC5110_Joystick.elf" @"objects.list"   -mcpu=cortex-m3 -T"../STM32F103C8_FLASH.ld" --specs=nosys.specs -Wl,-Map="FreeRTOS_LC5110_Joystick.map" -Wl,--gc-sections -static --specs=nano.specs -mfloat-abi=soft -mthumb -Wl,--start-group -lc -lm -lstdc++ -lsupc++ -Wl,--end-group
Finished building target: FreeRTOS_LC5110_Joystick.elf
 
arm-none-eabi-objdump -h -S  FreeRTOS_LC5110_Joystick.elf  > "FreeRTOS_LC5110_Joystick.list"
Finished building: FreeRTOS_LC5110_Joystick.list
 
arm-none-eabi-objcopy  -O binary  FreeRTOS_LC5110_Joystick.elf  "FreeRTOS_LC5110_Joystick.bin"
Finished building: FreeRTOS_LC5110_Joystick.bin
 
arm-none-eabi-size   FreeRTOS_LC5110_Joystick.elf 
   text	   data	    bss	    dec	    hex	filename
  19808	    124	  15736	  35668	   8b54	FreeRTOS_LC5110_Joystick.elf
Finished building: default.size.stdout
 
16:24:23 **** Incremental Build of configuration Debug for project FreeRTOS_LC5110_Joystick ****
make all 
arm-none-eabi-g++ "../Src/game.cpp" -mcpu=cortex-m3 -std=gnu++14 -g3 '-D__weak=__attribute__((weak))' '-D__packed=__attribute__((__packed__))' -DUSE_HAL_DRIVER -DSTM32F103xB -c -I../Inc -I../Drivers/STM32F1xx_HAL_Driver/Inc -I../Drivers/STM32F1xx_HAL_Driver/Inc/Legacy -I../Middlewares/Third_Party/FreeRTOS/Source/portable/GCC/ARM_CM3 -I../Drivers/CMSIS/Device/ST/STM32F1xx/Include -I../Middlewares/Third_Party/FreeRTOS/Source/include -I../Middlewares/Third_Party/FreeRTOS/Source/CMSIS_RTOS -I../Drivers/CMSIS/Include -Os -ffunction-sections -fdata-sections -fno-exceptions -fno-rtti -fno-threadsafe-statics -fno-use-cxa-atexit -Wall -fstack-usage -MMD -MP -MF"Src/game.d" -MT"Src/game.o" --specs=nano.specs -mfloat-abi=soft -mthumb -o "Src/game.o"
../Src/game.cpp: In member function 'int IntelligentAgent::action(EnvBlobObs*)':
../Src/game.cpp:309:33: warning: comparison between signed and unsigned integer expressions [-Wsign-compare]
             if (prng_LFSR()%100 > _epsilon)
                 ~~~~~~~~~~~~~~~~^~~~~~~~~~
../Src/game.cpp: In function 'int app()':
../Src/game.cpp:371:1: warning: no return statement in function returning non-void [-Wreturn-type]
 }
 ^
../Src/game.cpp: In function 'int main()':
../Src/game.cpp:486:28: warning: ISO C++ forbids converting a string constant to 'char*' [-Wwrite-strings]
  string_LCD("Press.  Botao");
                            ^
../Src/game.cpp:446:16: warning: unused variable 'semente_PRNG' [-Wunused-variable]
  unsigned long semente_PRNG=1;
                ^~~~~~~~~~~~
../Src/game.cpp: In function 'void SystemClock_Config()':
../Src/game.cpp:577:38: warning: ISO C++ forbids converting a string constant to 'char*' [-Wwrite-strings]
     _Error_Handler(__FILE__, __LINE__);
                                      ^
../Src/game.cpp:591:38: warning: ISO C++ forbids converting a string constant to 'char*' [-Wwrite-strings]
     _Error_Handler(__FILE__, __LINE__);
                                      ^
../Src/game.cpp:598:38: warning: ISO C++ forbids converting a string constant to 'char*' [-Wwrite-strings]
     _Error_Handler(__FILE__, __LINE__);
                                      ^
../Src/game.cpp: In function 'void MX_ADC1_Init()':
../Src/game.cpp:630:38: warning: ISO C++ forbids converting a string constant to 'char*' [-Wwrite-strings]
     _Error_Handler(__FILE__, __LINE__);
                                      ^
../Src/game.cpp:640:38: warning: ISO C++ forbids converting a string constant to 'char*' [-Wwrite-strings]
     _Error_Handler(__FILE__, __LINE__);
                                      ^
../Src/game.cpp:649:38: warning: ISO C++ forbids converting a string constant to 'char*' [-Wwrite-strings]
     _Error_Handler(__FILE__, __LINE__);
                                      ^
arm-none-eabi-g++ -o "FreeRTOS_LC5110_Joystick.elf" @"objects.list"   -mcpu=cortex-m3 -T"../STM32F103C8_FLASH.ld" --specs=nosys.specs -Wl,-Map="FreeRTOS_LC5110_Joystick.map" -Wl,--gc-sections -static --specs=nano.specs -mfloat-abi=soft -mthumb -Wl,--start-group -lc -lm -lstdc++ -lsupc++ -Wl,--end-group
Finished building target: FreeRTOS_LC5110_Joystick.elf
 
arm-none-eabi-objdump -h -S  FreeRTOS_LC5110_Joystick.elf  > "FreeRTOS_LC5110_Joystick.list"
Finished building: FreeRTOS_LC5110_Joystick.list
 
arm-none-eabi-objcopy  -O binary  FreeRTOS_LC5110_Joystick.elf  "FreeRTOS_LC5110_Joystick.bin"
Finished building: FreeRTOS_LC5110_Joystick.bin
 
arm-none-eabi-size   FreeRTOS_LC5110_Joystick.elf 
   text	   data	    bss	    dec	    hex	filename
  19776	    124	  15736	  35636	   8b34	FreeRTOS_LC5110_Joystick.elf
Finished building: default.size.stdout
 
16:25:09 **** Incremental Build of configuration Debug for project FreeRTOS_LC5110_Joystick ****
make all 
arm-none-eabi-g++ "../Src/game.cpp" -mcpu=cortex-m3 -std=gnu++14 -g3 '-D__weak=__attribute__((weak))' '-D__packed=__attribute__((__packed__))' -DUSE_HAL_DRIVER -DSTM32F103xB -c -I../Inc -I../Drivers/STM32F1xx_HAL_Driver/Inc -I../Drivers/STM32F1xx_HAL_Driver/Inc/Legacy -I../Middlewares/Third_Party/FreeRTOS/Source/portable/GCC/ARM_CM3 -I../Drivers/CMSIS/Device/ST/STM32F1xx/Include -I../Middlewares/Third_Party/FreeRTOS/Source/include -I../Middlewares/Third_Party/FreeRTOS/Source/CMSIS_RTOS -I../Drivers/CMSIS/Include -Os -ffunction-sections -fdata-sections -fno-exceptions -fno-rtti -fno-threadsafe-statics -fno-use-cxa-atexit -Wall -fstack-usage -MMD -MP -MF"Src/game.d" -MT"Src/game.o" --specs=nano.specs -mfloat-abi=soft -mthumb -o "Src/game.o"
../Src/game.cpp: In member function 'int IntelligentAgent::action(EnvBlobObs*)':
../Src/game.cpp:309:33: warning: comparison between signed and unsigned integer expressions [-Wsign-compare]
             if (prng_LFSR()%100 > _epsilon)
                 ~~~~~~~~~~~~~~~~^~~~~~~~~~
../Src/game.cpp: In function 'int app()':
../Src/game.cpp:371:1: warning: no return statement in function returning non-void [-Wreturn-type]
 }
 ^
../Src/game.cpp: In function 'int main()':
../Src/game.cpp:486:28: warning: ISO C++ forbids converting a string constant to 'char*' [-Wwrite-strings]
  string_LCD("Press.  Botao");
                            ^
../Src/game.cpp:446:16: warning: unused variable 'semente_PRNG' [-Wunused-variable]
  unsigned long semente_PRNG=1;
                ^~~~~~~~~~~~
../Src/game.cpp: In function 'void SystemClock_Config()':
../Src/game.cpp:577:38: warning: ISO C++ forbids converting a string constant to 'char*' [-Wwrite-strings]
     _Error_Handler(__FILE__, __LINE__);
                                      ^
../Src/game.cpp:591:38: warning: ISO C++ forbids converting a string constant to 'char*' [-Wwrite-strings]
     _Error_Handler(__FILE__, __LINE__);
                                      ^
../Src/game.cpp:598:38: warning: ISO C++ forbids converting a string constant to 'char*' [-Wwrite-strings]
     _Error_Handler(__FILE__, __LINE__);
                                      ^
../Src/game.cpp: In function 'void MX_ADC1_Init()':
../Src/game.cpp:630:38: warning: ISO C++ forbids converting a string constant to 'char*' [-Wwrite-strings]
     _Error_Handler(__FILE__, __LINE__);
                                      ^
../Src/game.cpp:640:38: warning: ISO C++ forbids converting a string constant to 'char*' [-Wwrite-strings]
     _Error_Handler(__FILE__, __LINE__);
                                      ^
../Src/game.cpp:649:38: warning: ISO C++ forbids converting a string constant to 'char*' [-Wwrite-strings]
     _Error_Handler(__FILE__, __LINE__);
                                      ^
arm-none-eabi-g++ -o "FreeRTOS_LC5110_Joystick.elf" @"objects.list"   -mcpu=cortex-m3 -T"../STM32F103C8_FLASH.ld" --specs=nosys.specs -Wl,-Map="FreeRTOS_LC5110_Joystick.map" -Wl,--gc-sections -static --specs=nano.specs -mfloat-abi=soft -mthumb -Wl,--start-group -lc -lm -lstdc++ -lsupc++ -Wl,--end-group
Finished building target: FreeRTOS_LC5110_Joystick.elf
 
arm-none-eabi-objdump -h -S  FreeRTOS_LC5110_Joystick.elf  > "FreeRTOS_LC5110_Joystick.list"
Finished building: FreeRTOS_LC5110_Joystick.list
 
arm-none-eabi-objcopy  -O binary  FreeRTOS_LC5110_Joystick.elf  "FreeRTOS_LC5110_Joystick.bin"
Finished building: FreeRTOS_LC5110_Joystick.bin
 
arm-none-eabi-size   FreeRTOS_LC5110_Joystick.elf 
   text	   data	    bss	    dec	    hex	filename
  19776	    124	  15736	  35636	   8b34	FreeRTOS_LC5110_Joystick.elf
Finished building: default.size.stdout
 
16:30:24 **** Incremental Build of configuration Debug for project FreeRTOS_LC5110_Joystick ****
make all 
arm-none-eabi-g++ "../Src/game.cpp" -mcpu=cortex-m3 -std=gnu++14 -g3 '-D__weak=__attribute__((weak))' '-D__packed=__attribute__((__packed__))' -DUSE_HAL_DRIVER -DSTM32F103xB -c -I../Inc -I../Drivers/STM32F1xx_HAL_Driver/Inc -I../Drivers/STM32F1xx_HAL_Driver/Inc/Legacy -I../Middlewares/Third_Party/FreeRTOS/Source/portable/GCC/ARM_CM3 -I../Drivers/CMSIS/Device/ST/STM32F1xx/Include -I../Middlewares/Third_Party/FreeRTOS/Source/include -I../Middlewares/Third_Party/FreeRTOS/Source/CMSIS_RTOS -I../Drivers/CMSIS/Include -Os -ffunction-sections -fdata-sections -fno-exceptions -fno-rtti -fno-threadsafe-statics -fno-use-cxa-atexit -Wall -fstack-usage -MMD -MP -MF"Src/game.d" -MT"Src/game.o" --specs=nano.specs -mfloat-abi=soft -mthumb -o "Src/game.o"
../Src/game.cpp: In member function 'int IntelligentAgent::action(EnvBlobObs*)':
../Src/game.cpp:309:33: warning: comparison between signed and unsigned integer expressions [-Wsign-compare]
             if (prng_LFSR()%100 > _epsilon)
                 ~~~~~~~~~~~~~~~~^~~~~~~~~~
../Src/game.cpp: In function 'int app()':
../Src/game.cpp:371:1: warning: no return statement in function returning non-void [-Wreturn-type]
 }
 ^
../Src/game.cpp: In function 'int main()':
../Src/game.cpp:494:28: warning: ISO C++ forbids converting a string constant to 'char*' [-Wwrite-strings]
  string_LCD("Press.  Botao");
                            ^
../Src/game.cpp:454:16: warning: unused variable 'semente_PRNG' [-Wunused-variable]
  unsigned long semente_PRNG=1;
                ^~~~~~~~~~~~
../Src/game.cpp: In function 'void SystemClock_Config()':
../Src/game.cpp:585:38: warning: ISO C++ forbids converting a string constant to 'char*' [-Wwrite-strings]
     _Error_Handler(__FILE__, __LINE__);
                                      ^
../Src/game.cpp:599:38: warning: ISO C++ forbids converting a string constant to 'char*' [-Wwrite-strings]
     _Error_Handler(__FILE__, __LINE__);
                                      ^
../Src/game.cpp:606:38: warning: ISO C++ forbids converting a string constant to 'char*' [-Wwrite-strings]
     _Error_Handler(__FILE__, __LINE__);
                                      ^
../Src/game.cpp: In function 'void MX_ADC1_Init()':
../Src/game.cpp:638:38: warning: ISO C++ forbids converting a string constant to 'char*' [-Wwrite-strings]
     _Error_Handler(__FILE__, __LINE__);
                                      ^
../Src/game.cpp:648:38: warning: ISO C++ forbids converting a string constant to 'char*' [-Wwrite-strings]
     _Error_Handler(__FILE__, __LINE__);
                                      ^
../Src/game.cpp:657:38: warning: ISO C++ forbids converting a string constant to 'char*' [-Wwrite-strings]
     _Error_Handler(__FILE__, __LINE__);
                                      ^
arm-none-eabi-g++ -o "FreeRTOS_LC5110_Joystick.elf" @"objects.list"   -mcpu=cortex-m3 -T"../STM32F103C8_FLASH.ld" --specs=nosys.specs -Wl,-Map="FreeRTOS_LC5110_Joystick.map" -Wl,--gc-sections -static --specs=nano.specs -mfloat-abi=soft -mthumb -Wl,--start-group -lc -lm -lstdc++ -lsupc++ -Wl,--end-group
Finished building target: FreeRTOS_LC5110_Joystick.elf
 
arm-none-eabi-objdump -h -S  FreeRTOS_LC5110_Joystick.elf  > "FreeRTOS_LC5110_Joystick.list"
Finished building: FreeRTOS_LC5110_Joystick.list
 
arm-none-eabi-objcopy  -O binary  FreeRTOS_LC5110_Joystick.elf  "FreeRTOS_LC5110_Joystick.bin"
Finished building: FreeRTOS_LC5110_Joystick.bin
 
arm-none-eabi-size   FreeRTOS_LC5110_Joystick.elf 
   text	   data	    bss	    dec	    hex	filename
  19848	    124	  15736	  35708	   8b7c	FreeRTOS_LC5110_Joystick.elf
Finished building: default.size.stdout
 
16:34:35 **** Incremental Build of configuration Debug for project FreeRTOS_LC5110_Joystick ****
make all 
arm-none-eabi-g++ "../Src/game.cpp" -mcpu=cortex-m3 -std=gnu++14 -g3 '-D__weak=__attribute__((weak))' '-D__packed=__attribute__((__packed__))' -DUSE_HAL_DRIVER -DSTM32F103xB -c -I../Inc -I../Drivers/STM32F1xx_HAL_Driver/Inc -I../Drivers/STM32F1xx_HAL_Driver/Inc/Legacy -I../Middlewares/Third_Party/FreeRTOS/Source/portable/GCC/ARM_CM3 -I../Drivers/CMSIS/Device/ST/STM32F1xx/Include -I../Middlewares/Third_Party/FreeRTOS/Source/include -I../Middlewares/Third_Party/FreeRTOS/Source/CMSIS_RTOS -I../Drivers/CMSIS/Include -Os -ffunction-sections -fdata-sections -fno-exceptions -fno-rtti -fno-threadsafe-statics -fno-use-cxa-atexit -Wall -fstack-usage -MMD -MP -MF"Src/game.d" -MT"Src/game.o" --specs=nano.specs -mfloat-abi=soft -mthumb -o "Src/game.o"
../Src/game.cpp: In member function 'int IntelligentAgent::action(EnvBlobObs*)':
../Src/game.cpp:309:33: warning: comparison between signed and unsigned integer expressions [-Wsign-compare]
             if (prng_LFSR()%100 > _epsilon)
                 ~~~~~~~~~~~~~~~~^~~~~~~~~~
../Src/game.cpp: In function 'int app()':
../Src/game.cpp:371:1: warning: no return statement in function returning non-void [-Wreturn-type]
 }
 ^
../Src/game.cpp: In function 'int main()':
../Src/game.cpp:494:28: warning: ISO C++ forbids converting a string constant to 'char*' [-Wwrite-strings]
  string_LCD("Press.  Botao");
                            ^
../Src/game.cpp:454:16: warning: unused variable 'semente_PRNG' [-Wunused-variable]
  unsigned long semente_PRNG=1;
                ^~~~~~~~~~~~
../Src/game.cpp: In function 'void SystemClock_Config()':
../Src/game.cpp:585:38: warning: ISO C++ forbids converting a string constant to 'char*' [-Wwrite-strings]
     _Error_Handler(__FILE__, __LINE__);
                                      ^
../Src/game.cpp:599:38: warning: ISO C++ forbids converting a string constant to 'char*' [-Wwrite-strings]
     _Error_Handler(__FILE__, __LINE__);
                                      ^
../Src/game.cpp:606:38: warning: ISO C++ forbids converting a string constant to 'char*' [-Wwrite-strings]
     _Error_Handler(__FILE__, __LINE__);
                                      ^
../Src/game.cpp: In function 'void MX_ADC1_Init()':
../Src/game.cpp:638:38: warning: ISO C++ forbids converting a string constant to 'char*' [-Wwrite-strings]
     _Error_Handler(__FILE__, __LINE__);
                                      ^
../Src/game.cpp:648:38: warning: ISO C++ forbids converting a string constant to 'char*' [-Wwrite-strings]
     _Error_Handler(__FILE__, __LINE__);
                                      ^
../Src/game.cpp:657:38: warning: ISO C++ forbids converting a string constant to 'char*' [-Wwrite-strings]
     _Error_Handler(__FILE__, __LINE__);
                                      ^
arm-none-eabi-g++ -o "FreeRTOS_LC5110_Joystick.elf" @"objects.list"   -mcpu=cortex-m3 -T"../STM32F103C8_FLASH.ld" --specs=nosys.specs -Wl,-Map="FreeRTOS_LC5110_Joystick.map" -Wl,--gc-sections -static --specs=nano.specs -mfloat-abi=soft -mthumb -Wl,--start-group -lc -lm -lstdc++ -lsupc++ -Wl,--end-group
Finished building target: FreeRTOS_LC5110_Joystick.elf
 
arm-none-eabi-objdump -h -S  FreeRTOS_LC5110_Joystick.elf  > "FreeRTOS_LC5110_Joystick.list"
Finished building: FreeRTOS_LC5110_Joystick.list
 
arm-none-eabi-objcopy  -O binary  FreeRTOS_LC5110_Joystick.elf  "FreeRTOS_LC5110_Joystick.bin"
Finished building: FreeRTOS_LC5110_Joystick.bin
 
arm-none-eabi-size   FreeRTOS_LC5110_Joystick.elf 
   text	   data	    bss	    dec	    hex	filename
  19848	    124	  15736	  35708	   8b7c	FreeRTOS_LC5110_Joystick.elf
Finished building: default.size.stdout
 
16:35:50 **** Incremental Build of configuration Debug for project FreeRTOS_LC5110_Joystick ****
make all 
arm-none-eabi-g++ "../Src/game.cpp" -mcpu=cortex-m3 -std=gnu++14 -g3 '-D__weak=__attribute__((weak))' '-D__packed=__attribute__((__packed__))' -DUSE_HAL_DRIVER -DSTM32F103xB -c -I../Inc -I../Drivers/STM32F1xx_HAL_Driver/Inc -I../Drivers/STM32F1xx_HAL_Driver/Inc/Legacy -I../Middlewares/Third_Party/FreeRTOS/Source/portable/GCC/ARM_CM3 -I../Drivers/CMSIS/Device/ST/STM32F1xx/Include -I../Middlewares/Third_Party/FreeRTOS/Source/include -I../Middlewares/Third_Party/FreeRTOS/Source/CMSIS_RTOS -I../Drivers/CMSIS/Include -Os -ffunction-sections -fdata-sections -fno-exceptions -fno-rtti -fno-threadsafe-statics -fno-use-cxa-atexit -Wall -fstack-usage -MMD -MP -MF"Src/game.d" -MT"Src/game.o" --specs=nano.specs -mfloat-abi=soft -mthumb -o "Src/game.o"
../Src/game.cpp: In member function 'int IntelligentAgent::action(EnvBlobObs*)':
../Src/game.cpp:309:33: warning: comparison between signed and unsigned integer expressions [-Wsign-compare]
             if (prng_LFSR()%100 > _epsilon)
                 ~~~~~~~~~~~~~~~~^~~~~~~~~~
../Src/game.cpp: In function 'int app()':
../Src/game.cpp:371:1: warning: no return statement in function returning non-void [-Wreturn-type]
 }
 ^
../Src/game.cpp: In function 'int main()':
../Src/game.cpp:501:28: warning: ISO C++ forbids converting a string constant to 'char*' [-Wwrite-strings]
  string_LCD("Press.  Botao");
                            ^
../Src/game.cpp:461:16: warning: unused variable 'semente_PRNG' [-Wunused-variable]
  unsigned long semente_PRNG=1;
                ^~~~~~~~~~~~
../Src/game.cpp: In function 'void SystemClock_Config()':
../Src/game.cpp:592:38: warning: ISO C++ forbids converting a string constant to 'char*' [-Wwrite-strings]
     _Error_Handler(__FILE__, __LINE__);
                                      ^
../Src/game.cpp:606:38: warning: ISO C++ forbids converting a string constant to 'char*' [-Wwrite-strings]
     _Error_Handler(__FILE__, __LINE__);
                                      ^
../Src/game.cpp:613:38: warning: ISO C++ forbids converting a string constant to 'char*' [-Wwrite-strings]
     _Error_Handler(__FILE__, __LINE__);
                                      ^
../Src/game.cpp: In function 'void MX_ADC1_Init()':
../Src/game.cpp:645:38: warning: ISO C++ forbids converting a string constant to 'char*' [-Wwrite-strings]
     _Error_Handler(__FILE__, __LINE__);
                                      ^
../Src/game.cpp:655:38: warning: ISO C++ forbids converting a string constant to 'char*' [-Wwrite-strings]
     _Error_Handler(__FILE__, __LINE__);
                                      ^
../Src/game.cpp:664:38: warning: ISO C++ forbids converting a string constant to 'char*' [-Wwrite-strings]
     _Error_Handler(__FILE__, __LINE__);
                                      ^
arm-none-eabi-g++ -o "FreeRTOS_LC5110_Joystick.elf" @"objects.list"   -mcpu=cortex-m3 -T"../STM32F103C8_FLASH.ld" --specs=nosys.specs -Wl,-Map="FreeRTOS_LC5110_Joystick.map" -Wl,--gc-sections -static --specs=nano.specs -mfloat-abi=soft -mthumb -Wl,--start-group -lc -lm -lstdc++ -lsupc++ -Wl,--end-group
Finished building target: FreeRTOS_LC5110_Joystick.elf
 
arm-none-eabi-objdump -h -S  FreeRTOS_LC5110_Joystick.elf  > "FreeRTOS_LC5110_Joystick.list"
Finished building: FreeRTOS_LC5110_Joystick.list
 
arm-none-eabi-objcopy  -O binary  FreeRTOS_LC5110_Joystick.elf  "FreeRTOS_LC5110_Joystick.bin"
Finished building: FreeRTOS_LC5110_Joystick.bin
 
arm-none-eabi-size   FreeRTOS_LC5110_Joystick.elf 
   text	   data	    bss	    dec	    hex	filename
  19888	    124	  15736	  35748	   8ba4	FreeRTOS_LC5110_Joystick.elf
Finished building: default.size.stdout
 
16:37:01 **** Incremental Build of configuration Debug for project FreeRTOS_LC5110_Joystick ****
make all 
arm-none-eabi-g++ "../Src/game.cpp" -mcpu=cortex-m3 -std=gnu++14 -g3 '-D__weak=__attribute__((weak))' '-D__packed=__attribute__((__packed__))' -DUSE_HAL_DRIVER -DSTM32F103xB -c -I../Inc -I../Drivers/STM32F1xx_HAL_Driver/Inc -I../Drivers/STM32F1xx_HAL_Driver/Inc/Legacy -I../Middlewares/Third_Party/FreeRTOS/Source/portable/GCC/ARM_CM3 -I../Drivers/CMSIS/Device/ST/STM32F1xx/Include -I../Middlewares/Third_Party/FreeRTOS/Source/include -I../Middlewares/Third_Party/FreeRTOS/Source/CMSIS_RTOS -I../Drivers/CMSIS/Include -Os -ffunction-sections -fdata-sections -fno-exceptions -fno-rtti -fno-threadsafe-statics -fno-use-cxa-atexit -Wall -fstack-usage -MMD -MP -MF"Src/game.d" -MT"Src/game.o" --specs=nano.specs -mfloat-abi=soft -mthumb -o "Src/game.o"
../Src/game.cpp: In member function 'int IntelligentAgent::action(EnvBlobObs*)':
../Src/game.cpp:309:33: warning: comparison between signed and unsigned integer expressions [-Wsign-compare]
             if (prng_LFSR()%100 > _epsilon)
                 ~~~~~~~~~~~~~~~~^~~~~~~~~~
../Src/game.cpp: In function 'int app()':
../Src/game.cpp:371:1: warning: no return statement in function returning non-void [-Wreturn-type]
 }
 ^
../Src/game.cpp: In function 'int main()':
../Src/game.cpp:501:28: warning: ISO C++ forbids converting a string constant to 'char*' [-Wwrite-strings]
  string_LCD("Press.  Botao");
                            ^
../Src/game.cpp:461:16: warning: unused variable 'semente_PRNG' [-Wunused-variable]
  unsigned long semente_PRNG=1;
                ^~~~~~~~~~~~
../Src/game.cpp: In function 'void SystemClock_Config()':
../Src/game.cpp:592:38: warning: ISO C++ forbids converting a string constant to 'char*' [-Wwrite-strings]
     _Error_Handler(__FILE__, __LINE__);
                                      ^
../Src/game.cpp:606:38: warning: ISO C++ forbids converting a string constant to 'char*' [-Wwrite-strings]
     _Error_Handler(__FILE__, __LINE__);
                                      ^
../Src/game.cpp:613:38: warning: ISO C++ forbids converting a string constant to 'char*' [-Wwrite-strings]
     _Error_Handler(__FILE__, __LINE__);
                                      ^
../Src/game.cpp: In function 'void MX_ADC1_Init()':
../Src/game.cpp:645:38: warning: ISO C++ forbids converting a string constant to 'char*' [-Wwrite-strings]
     _Error_Handler(__FILE__, __LINE__);
                                      ^
../Src/game.cpp:655:38: warning: ISO C++ forbids converting a string constant to 'char*' [-Wwrite-strings]
     _Error_Handler(__FILE__, __LINE__);
                                      ^
../Src/game.cpp:664:38: warning: ISO C++ forbids converting a string constant to 'char*' [-Wwrite-strings]
     _Error_Handler(__FILE__, __LINE__);
                                      ^
arm-none-eabi-g++ -o "FreeRTOS_LC5110_Joystick.elf" @"objects.list"   -mcpu=cortex-m3 -T"../STM32F103C8_FLASH.ld" --specs=nosys.specs -Wl,-Map="FreeRTOS_LC5110_Joystick.map" -Wl,--gc-sections -static --specs=nano.specs -mfloat-abi=soft -mthumb -Wl,--start-group -lc -lm -lstdc++ -lsupc++ -Wl,--end-group
Finished building target: FreeRTOS_LC5110_Joystick.elf
 
arm-none-eabi-objdump -h -S  FreeRTOS_LC5110_Joystick.elf  > "FreeRTOS_LC5110_Joystick.list"
Finished building: FreeRTOS_LC5110_Joystick.list
 
arm-none-eabi-objcopy  -O binary  FreeRTOS_LC5110_Joystick.elf  "FreeRTOS_LC5110_Joystick.bin"
Finished building: FreeRTOS_LC5110_Joystick.bin
 
arm-none-eabi-size   FreeRTOS_LC5110_Joystick.elf 
   text	   data	    bss	    dec	    hex	filename
  19888	    124	  15736	  35748	   8ba4	FreeRTOS_LC5110_Joystick.elf
Finished building: default.size.stdout
 
16:39:37 **** Incremental Build of configuration Debug for project FreeRTOS_LC5110_Joystick ****
make all 
arm-none-eabi-g++ "../Src/game.cpp" -mcpu=cortex-m3 -std=gnu++14 -g3 '-D__weak=__attribute__((weak))' '-D__packed=__attribute__((__packed__))' -DUSE_HAL_DRIVER -DSTM32F103xB -c -I../Inc -I../Drivers/STM32F1xx_HAL_Driver/Inc -I../Drivers/STM32F1xx_HAL_Driver/Inc/Legacy -I../Middlewares/Third_Party/FreeRTOS/Source/portable/GCC/ARM_CM3 -I../Drivers/CMSIS/Device/ST/STM32F1xx/Include -I../Middlewares/Third_Party/FreeRTOS/Source/include -I../Middlewares/Third_Party/FreeRTOS/Source/CMSIS_RTOS -I../Drivers/CMSIS/Include -Os -ffunction-sections -fdata-sections -fno-exceptions -fno-rtti -fno-threadsafe-statics -fno-use-cxa-atexit -Wall -fstack-usage -MMD -MP -MF"Src/game.d" -MT"Src/game.o" --specs=nano.specs -mfloat-abi=soft -mthumb -o "Src/game.o"
../Src/game.cpp: In member function 'int IntelligentAgent::action(EnvBlobObs*)':
../Src/game.cpp:305:33: warning: comparison between signed and unsigned integer expressions [-Wsign-compare]
             if (prng_LFSR()%100 > _epsilon)
                 ~~~~~~~~~~~~~~~~^~~~~~~~~~
../Src/game.cpp: In function 'int app()':
../Src/game.cpp:367:1: warning: no return statement in function returning non-void [-Wreturn-type]
 }
 ^
../Src/game.cpp: In function 'int main()':
../Src/game.cpp:497:28: warning: ISO C++ forbids converting a string constant to 'char*' [-Wwrite-strings]
  string_LCD("Press.  Botao");
                            ^
../Src/game.cpp:457:16: warning: unused variable 'semente_PRNG' [-Wunused-variable]
  unsigned long semente_PRNG=1;
                ^~~~~~~~~~~~
../Src/game.cpp: In function 'void SystemClock_Config()':
../Src/game.cpp:588:38: warning: ISO C++ forbids converting a string constant to 'char*' [-Wwrite-strings]
     _Error_Handler(__FILE__, __LINE__);
                                      ^
../Src/game.cpp:602:38: warning: ISO C++ forbids converting a string constant to 'char*' [-Wwrite-strings]
     _Error_Handler(__FILE__, __LINE__);
                                      ^
../Src/game.cpp:609:38: warning: ISO C++ forbids converting a string constant to 'char*' [-Wwrite-strings]
     _Error_Handler(__FILE__, __LINE__);
                                      ^
../Src/game.cpp: In function 'void MX_ADC1_Init()':
../Src/game.cpp:641:38: warning: ISO C++ forbids converting a string constant to 'char*' [-Wwrite-strings]
     _Error_Handler(__FILE__, __LINE__);
                                      ^
../Src/game.cpp:651:38: warning: ISO C++ forbids converting a string constant to 'char*' [-Wwrite-strings]
     _Error_Handler(__FILE__, __LINE__);
                                      ^
../Src/game.cpp:660:38: warning: ISO C++ forbids converting a string constant to 'char*' [-Wwrite-strings]
     _Error_Handler(__FILE__, __LINE__);
                                      ^
arm-none-eabi-g++ -o "FreeRTOS_LC5110_Joystick.elf" @"objects.list"   -mcpu=cortex-m3 -T"../STM32F103C8_FLASH.ld" --specs=nosys.specs -Wl,-Map="FreeRTOS_LC5110_Joystick.map" -Wl,--gc-sections -static --specs=nano.specs -mfloat-abi=soft -mthumb -Wl,--start-group -lc -lm -lstdc++ -lsupc++ -Wl,--end-group
Finished building target: FreeRTOS_LC5110_Joystick.elf
 
arm-none-eabi-objdump -h -S  FreeRTOS_LC5110_Joystick.elf  > "FreeRTOS_LC5110_Joystick.list"
Finished building: FreeRTOS_LC5110_Joystick.list
 
arm-none-eabi-objcopy  -O binary  FreeRTOS_LC5110_Joystick.elf  "FreeRTOS_LC5110_Joystick.bin"
Finished building: FreeRTOS_LC5110_Joystick.bin
 
arm-none-eabi-size   FreeRTOS_LC5110_Joystick.elf 
   text	   data	    bss	    dec	    hex	filename
  19864	    124	  15736	  35724	   8b8c	FreeRTOS_LC5110_Joystick.elf
Finished building: default.size.stdout
 
16:41:04 **** Incremental Build of configuration Debug for project FreeRTOS_LC5110_Joystick ****
make all 
arm-none-eabi-g++ "../Src/game.cpp" -mcpu=cortex-m3 -std=gnu++14 -g3 '-D__weak=__attribute__((weak))' '-D__packed=__attribute__((__packed__))' -DUSE_HAL_DRIVER -DSTM32F103xB -c -I../Inc -I../Drivers/STM32F1xx_HAL_Driver/Inc -I../Drivers/STM32F1xx_HAL_Driver/Inc/Legacy -I../Middlewares/Third_Party/FreeRTOS/Source/portable/GCC/ARM_CM3 -I../Drivers/CMSIS/Device/ST/STM32F1xx/Include -I../Middlewares/Third_Party/FreeRTOS/Source/include -I../Middlewares/Third_Party/FreeRTOS/Source/CMSIS_RTOS -I../Drivers/CMSIS/Include -Os -ffunction-sections -fdata-sections -fno-exceptions -fno-rtti -fno-threadsafe-statics -fno-use-cxa-atexit -Wall -fstack-usage -MMD -MP -MF"Src/game.d" -MT"Src/game.o" --specs=nano.specs -mfloat-abi=soft -mthumb -o "Src/game.o"
../Src/game.cpp: In member function 'int IntelligentAgent::action(EnvBlobObs*)':
../Src/game.cpp:305:33: warning: comparison between signed and unsigned integer expressions [-Wsign-compare]
             if (prng_LFSR()%100 > _epsilon)
                 ~~~~~~~~~~~~~~~~^~~~~~~~~~
../Src/game.cpp: In function 'int app()':
../Src/game.cpp:367:1: warning: no return statement in function returning non-void [-Wreturn-type]
 }
 ^
../Src/game.cpp: In function 'int main()':
../Src/game.cpp:497:28: warning: ISO C++ forbids converting a string constant to 'char*' [-Wwrite-strings]
  string_LCD("Press.  Botao");
                            ^
../Src/game.cpp:457:16: warning: unused variable 'semente_PRNG' [-Wunused-variable]
  unsigned long semente_PRNG=1;
                ^~~~~~~~~~~~
../Src/game.cpp: In function 'void SystemClock_Config()':
../Src/game.cpp:588:38: warning: ISO C++ forbids converting a string constant to 'char*' [-Wwrite-strings]
     _Error_Handler(__FILE__, __LINE__);
                                      ^
../Src/game.cpp:602:38: warning: ISO C++ forbids converting a string constant to 'char*' [-Wwrite-strings]
     _Error_Handler(__FILE__, __LINE__);
                                      ^
../Src/game.cpp:609:38: warning: ISO C++ forbids converting a string constant to 'char*' [-Wwrite-strings]
     _Error_Handler(__FILE__, __LINE__);
                                      ^
../Src/game.cpp: In function 'void MX_ADC1_Init()':
../Src/game.cpp:641:38: warning: ISO C++ forbids converting a string constant to 'char*' [-Wwrite-strings]
     _Error_Handler(__FILE__, __LINE__);
                                      ^
../Src/game.cpp:651:38: warning: ISO C++ forbids converting a string constant to 'char*' [-Wwrite-strings]
     _Error_Handler(__FILE__, __LINE__);
                                      ^
../Src/game.cpp:660:38: warning: ISO C++ forbids converting a string constant to 'char*' [-Wwrite-strings]
     _Error_Handler(__FILE__, __LINE__);
                                      ^
arm-none-eabi-g++ -o "FreeRTOS_LC5110_Joystick.elf" @"objects.list"   -mcpu=cortex-m3 -T"../STM32F103C8_FLASH.ld" --specs=nosys.specs -Wl,-Map="FreeRTOS_LC5110_Joystick.map" -Wl,--gc-sections -static --specs=nano.specs -mfloat-abi=soft -mthumb -Wl,--start-group -lc -lm -lstdc++ -lsupc++ -Wl,--end-group
Finished building target: FreeRTOS_LC5110_Joystick.elf
 
arm-none-eabi-objdump -h -S  FreeRTOS_LC5110_Joystick.elf  > "FreeRTOS_LC5110_Joystick.list"
Finished building: FreeRTOS_LC5110_Joystick.list
 
arm-none-eabi-objcopy  -O binary  FreeRTOS_LC5110_Joystick.elf  "FreeRTOS_LC5110_Joystick.bin"
Finished building: FreeRTOS_LC5110_Joystick.bin
 
arm-none-eabi-size   FreeRTOS_LC5110_Joystick.elf 
   text	   data	    bss	    dec	    hex	filename
  19864	    124	  15736	  35724	   8b8c	FreeRTOS_LC5110_Joystick.elf
Finished building: default.size.stdout
 
